<?xml version="1.0" encoding="UTF-8"?>
<testsuite name="com.ccea.persistence.UserReportTests" time="19.14" tests="1" errors="1" skipped="0" failures="0">
  <properties>
[...]
</properties>
  <testcase name="testGetUesrReport" classname="com.ccea.persistence.UserReportTests" time="19.14">
    <error message="Could not open Hibernate Session for transaction; nested exception is org.hibernate.exception.JDBCConnectionException: Could not open connection" type="org.springframework.transaction.CannotCreateTransactionException"><![CDATA[org.springframework.transaction.CannotCreateTransactionException: Could not open Hibernate Session for transaction; nested exception is org.hibernate.exception.JDBCConnectionException: Could not open connection
	at org.springframework.orm.hibernate4.HibernateTransactionManager.doBegin(HibernateTransactionManager.java:514)
	at org.springframework.transaction.support.AbstractPlatformTransactionManager.getTransaction(AbstractPlatformTransactionManager.java:372)
	at org.springframework.test.context.transaction.TransactionalTestExecutionListener$TransactionContext.startTransaction(TransactionalTestExecutionListener.java:583)
	at org.springframework.test.context.transaction.TransactionalTestExecutionListener.startNewTransaction(TransactionalTestExecutionListener.java:276)
	at org.springframework.test.context.transaction.TransactionalTestExecutionListener.beforeTestMethod(TransactionalTestExecutionListener.java:171)
	at org.springframework.test.context.TestContextManager.beforeTestMethod(TestContextManager.java:348)
	at org.springframework.test.context.junit4.statements.RunBeforeTestMethodCallbacks.evaluate(RunBeforeTestMethodCallbacks.java:73)
	at org.springframework.test.context.junit4.statements.RunAfterTestMethodCallbacks.evaluate(RunAfterTestMethodCallbacks.java:83)
	at org.springframework.test.context.junit4.statements.SpringRepeat.evaluate(SpringRepeat.java:72)
	at org.springframework.test.context.junit4.SpringJUnit4ClassRunner.runChild(SpringJUnit4ClassRunner.java:231)
	at org.springframework.test.context.junit4.SpringJUnit4ClassRunner.runChild(SpringJUnit4ClassRunner.java:88)
	at org.junit.runners.ParentRunner$3.run(ParentRunner.java:193)
	at org.junit.runners.ParentRunner$1.schedule(ParentRunner.java:52)
	at org.junit.runners.ParentRunner.runChildren(ParentRunner.java:191)
	at org.junit.runners.ParentRunner.access$000(ParentRunner.java:42)
	at org.junit.runners.ParentRunner$2.evaluate(ParentRunner.java:184)
	at org.springframework.test.context.junit4.statements.RunBeforeTestClassCallbacks.evaluate(RunBeforeTestClassCallbacks.java:61)
	at org.springframework.test.context.junit4.statements.RunAfterTestClassCallbacks.evaluate(RunAfterTestClassCallbacks.java:71)
	at org.junit.runners.ParentRunner.run(ParentRunner.java:236)
	at org.springframework.test.context.junit4.SpringJUnit4ClassRunner.run(SpringJUnit4ClassRunner.java:174)
	at org.apache.maven.surefire.junit4.JUnit4Provider.execute(JUnit4Provider.java:264)
	at org.apache.maven.surefire.junit4.JUnit4Provider.executeTestSet(JUnit4Provider.java:153)
	at org.apache.maven.surefire.junit4.JUnit4Provider.invoke(JUnit4Provider.java:124)
	at org.apache.maven.surefire.booter.ForkedBooter.invokeProviderInSameClassLoader(ForkedBooter.java:200)
	at org.apache.maven.surefire.booter.ForkedBooter.runSuitesInProcess(ForkedBooter.java:153)
	at org.apache.maven.surefire.booter.ForkedBooter.main(ForkedBooter.java:103)
Caused by: org.hibernate.exception.JDBCConnectionException: Could not open connection
	at org.hibernate.exception.internal.SQLStateConversionDelegate.convert(SQLStateConversionDelegate.java:132)
	at org.hibernate.exception.internal.StandardSQLExceptionConverter.convert(StandardSQLExceptionConverter.java:49)
	at org.hibernate.engine.jdbc.spi.SqlExceptionHelper.convert(SqlExceptionHelper.java:125)
	at org.hibernate.engine.jdbc.spi.SqlExceptionHelper.convert(SqlExceptionHelper.java:110)
	at org.hibernate.engine.jdbc.internal.LogicalConnectionImpl.obtainConnection(LogicalConnectionImpl.java:221)
	at org.hibernate.engine.jdbc.internal.LogicalConnectionImpl.getConnection(LogicalConnectionImpl.java:157)
	at org.hibernate.internal.SessionImpl.connection(SessionImpl.java:550)
	at org.springframework.orm.hibernate4.HibernateTransactionManager.doBegin(HibernateTransactionManager.java:428)
	at org.springframework.transaction.support.AbstractPlatformTransactionManager.getTransaction(AbstractPlatformTransactionManager.java:372)
	at org.springframework.test.context.transaction.TransactionalTestExecutionListener$TransactionContext.startTransaction(TransactionalTestExecutionListener.java:583)
	at org.springframework.test.context.transaction.TransactionalTestExecutionListener.startNewTransaction(TransactionalTestExecutionListener.java:276)
	at org.springframework.test.context.transaction.TransactionalTestExecutionListener.beforeTestMethod(TransactionalTestExecutionListener.java:171)
	at org.springframework.test.context.TestContextManager.beforeTestMethod(TestContextManager.java:348)
	at org.springframework.test.context.junit4.statements.RunBeforeTestMethodCallbacks.evaluate(RunBeforeTestMethodCallbacks.java:73)
	at org.springframework.test.context.junit4.statements.RunAfterTestMethodCallbacks.evaluate(RunAfterTestMethodCallbacks.java:83)
	at org.springframework.test.context.junit4.statements.SpringRepeat.evaluate(SpringRepeat.java:72)
	at org.springframework.test.context.junit4.SpringJUnit4ClassRunner.runChild(SpringJUnit4ClassRunner.java:231)
	at org.springframework.test.context.junit4.SpringJUnit4ClassRunner.runChild(SpringJUnit4ClassRunner.java:88)
	at org.junit.runners.ParentRunner$3.run(ParentRunner.java:193)
	at org.junit.runners.ParentRunner$1.schedule(ParentRunner.java:52)
	at org.junit.runners.ParentRunner.runChildren(ParentRunner.java:191)
	at org.junit.runners.ParentRunner.access$000(ParentRunner.java:42)
	at org.junit.runners.ParentRunner$2.evaluate(ParentRunner.java:184)
	at org.springframework.test.context.junit4.statements.RunBeforeTestClassCallbacks.evaluate(RunBeforeTestClassCallbacks.java:61)
	at org.springframework.test.context.junit4.statements.RunAfterTestClassCallbacks.evaluate(RunAfterTestClassCallbacks.java:71)
	at org.junit.runners.ParentRunner.run(ParentRunner.java:236)
	at org.springframework.test.context.junit4.SpringJUnit4ClassRunner.run(SpringJUnit4ClassRunner.java:174)
	at org.apache.maven.surefire.junit4.JUnit4Provider.execute(JUnit4Provider.java:264)
	at org.apache.maven.surefire.junit4.JUnit4Provider.executeTestSet(JUnit4Provider.java:153)
	at org.apache.maven.surefire.junit4.JUnit4Provider.invoke(JUnit4Provider.java:124)
	at org.apache.maven.surefire.booter.ForkedBooter.invokeProviderInSameClassLoader(ForkedBooter.java:200)
	at org.apache.maven.surefire.booter.ForkedBooter.runSuitesInProcess(ForkedBooter.java:153)
	at org.apache.maven.surefire.booter.ForkedBooter.main(ForkedBooter.java:103)
Caused by: com.mysql.jdbc.exceptions.jdbc4.CommunicationsException: Communications link failure

The last packet sent successfully to the server was 0 milliseconds ago. The driver has not received any packets from the server.
	at sun.reflect.NativeConstructorAccessorImpl.newInstance0(Native Method)
	at sun.reflect.NativeConstructorAccessorImpl.newInstance(NativeConstructorAccessorImpl.java:57)
	at sun.reflect.DelegatingConstructorAccessorImpl.newInstance(DelegatingConstructorAccessorImpl.java:45)
	at java.lang.reflect.Constructor.newInstance(Constructor.java:526)
	at com.mysql.jdbc.Util.handleNewInstance(Util.java:411)
	at com.mysql.jdbc.SQLError.createCommunicationsException(SQLError.java:1129)
	at com.mysql.jdbc.MysqlIO.<init>(MysqlIO.java:358)
	at com.mysql.jdbc.ConnectionImpl.coreConnect(ConnectionImpl.java:2489)
	at com.mysql.jdbc.ConnectionImpl.connectOneTryOnly(ConnectionImpl.java:2526)
	at com.mysql.jdbc.ConnectionImpl.createNewIO(ConnectionImpl.java:2311)
	at com.mysql.jdbc.ConnectionImpl.<init>(ConnectionImpl.java:834)
	at com.mysql.jdbc.JDBC4Connection.<init>(JDBC4Connection.java:47)
	at sun.reflect.NativeConstructorAccessorImpl.newInstance0(Native Method)
	at sun.reflect.NativeConstructorAccessorImpl.newInstance(NativeConstructorAccessorImpl.java:57)
	at sun.reflect.DelegatingConstructorAccessorImpl.newInstance(DelegatingConstructorAccessorImpl.java:45)
	at java.lang.reflect.Constructor.newInstance(Constructor.java:526)
	at com.mysql.jdbc.Util.handleNewInstance(Util.java:411)
	at com.mysql.jdbc.ConnectionImpl.getInstance(ConnectionImpl.java:416)
	at com.mysql.jdbc.NonRegisteringDriver.connect(NonRegisteringDriver.java:347)
	at org.apache.commons.dbcp.DriverConnectionFactory.createConnection(DriverConnectionFactory.java:82)
	at org.apache.commons.dbcp.PoolableConnectionFactory.makeObject(PoolableConnectionFactory.java:256)
	at org.apache.commons.pool.impl.GenericObjectPool.borrowObject(GenericObjectPool.java:816)
	at org.apache.commons.dbcp.PoolingDataSource.getConnection(PoolingDataSource.java:115)
	at org.apache.commons.dbcp.BasicDataSource.getConnection(BasicDataSource.java:430)
	at org.hibernate.service.jdbc.connections.internal.DatasourceConnectionProviderImpl.getConnection(DatasourceConnectionProviderImpl.java:141)
	at org.hibernate.internal.AbstractSessionImpl$NonContextualJdbcConnectionAccess.obtainConnection(AbstractSessionImpl.java:292)
	at org.hibernate.engine.jdbc.internal.LogicalConnectionImpl.obtainConnection(LogicalConnectionImpl.java:214)
	at org.hibernate.engine.jdbc.internal.LogicalConnectionImpl.getConnection(LogicalConnectionImpl.java:157)
	at org.hibernate.internal.SessionImpl.connection(SessionImpl.java:550)
	at org.springframework.orm.hibernate4.HibernateTransactionManager.doBegin(HibernateTransactionManager.java:428)
	at org.springframework.transaction.support.AbstractPlatformTransactionManager.getTransaction(AbstractPlatformTransactionManager.java:372)
	at org.springframework.test.context.transaction.TransactionalTestExecutionListener$TransactionContext.startTransaction(TransactionalTestExecutionListener.java:583)
	at org.springframework.test.context.transaction.TransactionalTestExecutionListener.startNewTransaction(TransactionalTestExecutionListener.java:276)
	at org.springframework.test.context.transaction.TransactionalTestExecutionListener.beforeTestMethod(TransactionalTestExecutionListener.java:171)
	at org.springframework.test.context.TestContextManager.beforeTestMethod(TestContextManager.java:348)
	at org.springframework.test.context.junit4.statements.RunBeforeTestMethodCallbacks.evaluate(RunBeforeTestMethodCallbacks.java:73)
	at org.springframework.test.context.junit4.statements.RunAfterTestMethodCallbacks.evaluate(RunAfterTestMethodCallbacks.java:83)
	at org.springframework.test.context.junit4.statements.SpringRepeat.evaluate(SpringRepeat.java:72)
	at org.springframework.test.context.junit4.SpringJUnit4ClassRunner.runChild(SpringJUnit4ClassRunner.java:231)
	at org.springframework.test.context.junit4.SpringJUnit4ClassRunner.runChild(SpringJUnit4ClassRunner.java:88)
	at org.junit.runners.ParentRunner$3.run(ParentRunner.java:193)
	at org.junit.runners.ParentRunner$1.schedule(ParentRunner.java:52)
	at org.junit.runners.ParentRunner.runChildren(ParentRunner.java:191)
	at org.junit.runners.ParentRunner.access$000(ParentRunner.java:42)
	at org.junit.runners.ParentRunner$2.evaluate(ParentRunner.java:184)
	at org.springframework.test.context.junit4.statements.RunBeforeTestClassCallbacks.evaluate(RunBeforeTestClassCallbacks.java:61)
	at org.springframework.test.context.junit4.statements.RunAfterTestClassCallbacks.evaluate(RunAfterTestClassCallbacks.java:71)
	at org.junit.runners.ParentRunner.run(ParentRunner.java:236)
	at org.springframework.test.context.junit4.SpringJUnit4ClassRunner.run(SpringJUnit4ClassRunner.java:174)
	at org.apache.maven.surefire.junit4.JUnit4Provider.execute(JUnit4Provider.java:264)
	at org.apache.maven.surefire.junit4.JUnit4Provider.executeTestSet(JUnit4Provider.java:153)
	at org.apache.maven.surefire.junit4.JUnit4Provider.invoke(JUnit4Provider.java:124)
	at org.apache.maven.surefire.booter.ForkedBooter.invokeProviderInSameClassLoader(ForkedBooter.java:200)
	at org.apache.maven.surefire.booter.ForkedBooter.runSuitesInProcess(ForkedBooter.java:153)
	at org.apache.maven.surefire.booter.ForkedBooter.main(ForkedBooter.java:103)
Caused by: java.net.ConnectException: Connection refused: connect
	at java.net.TwoStacksPlainSocketImpl.socketConnect(Native Method)
	at java.net.AbstractPlainSocketImpl.doConnect(AbstractPlainSocketImpl.java:339)
	at java.net.AbstractPlainSocketImpl.connectToAddress(AbstractPlainSocketImpl.java:200)
	at java.net.AbstractPlainSocketImpl.connect(AbstractPlainSocketImpl.java:182)
	at java.net.PlainSocketImpl.connect(PlainSocketImpl.java:172)
	at java.net.SocksSocketImpl.connect(SocksSocketImpl.java:392)
	at java.net.Socket.connect(Socket.java:579)
	at java.net.Socket.connect(Socket.java:528)
	at java.net.Socket.<init>(Socket.java:425)
	at java.net.Socket.<init>(Socket.java:241)
	at com.mysql.jdbc.StandardSocketFactory.connect(StandardSocketFactory.java:256)
	at com.mysql.jdbc.MysqlIO.<init>(MysqlIO.java:308)
	at com.mysql.jdbc.ConnectionImpl.coreConnect(ConnectionImpl.java:2489)
	at com.mysql.jdbc.ConnectionImpl.connectOneTryOnly(ConnectionImpl.java:2526)
	at com.mysql.jdbc.ConnectionImpl.createNewIO(ConnectionImpl.java:2311)
	at com.mysql.jdbc.ConnectionImpl.<init>(ConnectionImpl.java:834)
	at com.mysql.jdbc.JDBC4Connection.<init>(JDBC4Connection.java:47)
	at sun.reflect.NativeConstructorAccessorImpl.newInstance0(Native Method)
	at sun.reflect.NativeConstructorAccessorImpl.newInstance(NativeConstructorAccessorImpl.java:57)
	at sun.reflect.DelegatingConstructorAccessorImpl.newInstance(DelegatingConstructorAccessorImpl.java:45)
	at java.lang.reflect.Constructor.newInstance(Constructor.java:526)
	at com.mysql.jdbc.Util.handleNewInstance(Util.java:411)
	at com.mysql.jdbc.ConnectionImpl.getInstance(ConnectionImpl.java:416)
	at com.mysql.jdbc.NonRegisteringDriver.connect(NonRegisteringDriver.java:347)
	at org.apache.commons.dbcp.DriverConnectionFactory.createConnection(DriverConnectionFactory.java:82)
	at org.apache.commons.dbcp.PoolableConnectionFactory.makeObject(PoolableConnectionFactory.java:256)
	at org.apache.commons.pool.impl.GenericObjectPool.borrowObject(GenericObjectPool.java:816)
	at org.apache.commons.dbcp.PoolingDataSource.getConnection(PoolingDataSource.java:115)
	at org.apache.commons.dbcp.BasicDataSource.getConnection(BasicDataSource.java:430)
	at org.hibernate.service.jdbc.connections.internal.DatasourceConnectionProviderImpl.getConnection(DatasourceConnectionProviderImpl.java:141)
	at org.hibernate.internal.AbstractSessionImpl$NonContextualJdbcConnectionAccess.obtainConnection(AbstractSessionImpl.java:292)
	at org.hibernate.engine.jdbc.internal.LogicalConnectionImpl.obtainConnection(LogicalConnectionImpl.java:214)
	at org.hibernate.engine.jdbc.internal.LogicalConnectionImpl.getConnection(LogicalConnectionImpl.java:157)
	at org.hibernate.internal.SessionImpl.connection(SessionImpl.java:550)
	at org.springframework.orm.hibernate4.HibernateTransactionManager.doBegin(HibernateTransactionManager.java:428)
	at org.springframework.transaction.support.AbstractPlatformTransactionManager.getTransaction(AbstractPlatformTransactionManager.java:372)
	at org.springframework.test.context.transaction.TransactionalTestExecutionListener$TransactionContext.startTransaction(TransactionalTestExecutionListener.java:583)
	at org.springframework.test.context.transaction.TransactionalTestExecutionListener.startNewTransaction(TransactionalTestExecutionListener.java:276)
	at org.springframework.test.context.transaction.TransactionalTestExecutionListener.beforeTestMethod(TransactionalTestExecutionListener.java:171)
	at org.springframework.test.context.TestContextManager.beforeTestMethod(TestContextManager.java:348)
	at org.springframework.test.context.junit4.statements.RunBeforeTestMethodCallbacks.evaluate(RunBeforeTestMethodCallbacks.java:73)
	at org.springframework.test.context.junit4.statements.RunAfterTestMethodCallbacks.evaluate(RunAfterTestMethodCallbacks.java:83)
	at org.springframework.test.context.junit4.statements.SpringRepeat.evaluate(SpringRepeat.java:72)
	at org.springframework.test.context.junit4.SpringJUnit4ClassRunner.runChild(SpringJUnit4ClassRunner.java:231)
	at org.springframework.test.context.junit4.SpringJUnit4ClassRunner.runChild(SpringJUnit4ClassRunner.java:88)
	at org.junit.runners.ParentRunner$3.run(ParentRunner.java:193)
	at org.junit.runners.ParentRunner$1.schedule(ParentRunner.java:52)
	at org.junit.runners.ParentRunner.runChildren(ParentRunner.java:191)
	at org.junit.runners.ParentRunner.access$000(ParentRunner.java:42)
	at org.junit.runners.ParentRunner$2.evaluate(ParentRunner.java:184)
	at org.springframework.test.context.junit4.statements.RunBeforeTestClassCallbacks.evaluate(RunBeforeTestClassCallbacks.java:61)
	at org.springframework.test.context.junit4.statements.RunAfterTestClassCallbacks.evaluate(RunAfterTestClassCallbacks.java:71)
	at org.junit.runners.ParentRunner.run(ParentRunner.java:236)
	at org.springframework.test.context.junit4.SpringJUnit4ClassRunner.run(SpringJUnit4ClassRunner.java:174)
	at org.apache.maven.surefire.junit4.JUnit4Provider.execute(JUnit4Provider.java:264)
	at org.apache.maven.surefire.junit4.JUnit4Provider.executeTestSet(JUnit4Provider.java:153)
	at org.apache.maven.surefire.junit4.JUnit4Provider.invoke(JUnit4Provider.java:124)
	at org.apache.maven.surefire.booter.ForkedBooter.invokeProviderInSameClassLoader(ForkedBooter.java:200)
	at org.apache.maven.surefire.booter.ForkedBooter.runSuitesInProcess(ForkedBooter.java:153)
	at org.apache.maven.surefire.booter.ForkedBooter.main(ForkedBooter.java:103)
]]></error>
    <system-out><![CDATA[18:30:51,906 DEBUG     org.hibernate.type.BasicTypeRegistry: 148 - Adding type registration boolean -> org.hibernate.type.BooleanType@1d241c9
18:30:51,984 DEBUG     org.hibernate.type.BasicTypeRegistry: 148 - Adding type registration boolean -> org.hibernate.type.BooleanType@1d241c9
18:30:51,984 DEBUG     org.hibernate.type.BasicTypeRegistry: 148 - Adding type registration java.lang.Boolean -> org.hibernate.type.BooleanType@1d241c9
18:30:51,984 DEBUG     org.hibernate.type.BasicTypeRegistry: 148 - Adding type registration numeric_boolean -> org.hibernate.type.NumericBooleanType@12fd0b3
18:30:52,000 DEBUG     org.hibernate.type.BasicTypeRegistry: 148 - Adding type registration true_false -> org.hibernate.type.TrueFalseType@1be1e0f
18:30:52,000 DEBUG     org.hibernate.type.BasicTypeRegistry: 148 - Adding type registration yes_no -> org.hibernate.type.YesNoType@1225d4a
18:30:52,000 DEBUG     org.hibernate.type.BasicTypeRegistry: 148 - Adding type registration byte -> org.hibernate.type.ByteType@c91722
18:30:52,015 DEBUG     org.hibernate.type.BasicTypeRegistry: 148 - Adding type registration byte -> org.hibernate.type.ByteType@c91722
18:30:52,015 DEBUG     org.hibernate.type.BasicTypeRegistry: 148 - Adding type registration java.lang.Byte -> org.hibernate.type.ByteType@c91722
18:30:52,015 DEBUG     org.hibernate.type.BasicTypeRegistry: 148 - Adding type registration character -> org.hibernate.type.CharacterType@118ffce
18:30:52,015 DEBUG     org.hibernate.type.BasicTypeRegistry: 148 - Adding type registration char -> org.hibernate.type.CharacterType@118ffce
18:30:52,015 DEBUG     org.hibernate.type.BasicTypeRegistry: 148 - Adding type registration java.lang.Character -> org.hibernate.type.CharacterType@118ffce
18:30:52,046 DEBUG     org.hibernate.type.BasicTypeRegistry: 148 - Adding type registration short -> org.hibernate.type.ShortType@2c61be
18:30:52,062 DEBUG     org.hibernate.type.BasicTypeRegistry: 148 - Adding type registration short -> org.hibernate.type.ShortType@2c61be
18:30:52,093 DEBUG     org.hibernate.type.BasicTypeRegistry: 148 - Adding type registration java.lang.Short -> org.hibernate.type.ShortType@2c61be
18:30:52,093 DEBUG     org.hibernate.type.BasicTypeRegistry: 148 - Adding type registration integer -> org.hibernate.type.IntegerType@3fa023
18:30:52,093 DEBUG     org.hibernate.type.BasicTypeRegistry: 148 - Adding type registration int -> org.hibernate.type.IntegerType@3fa023
18:30:52,093 DEBUG     org.hibernate.type.BasicTypeRegistry: 148 - Adding type registration java.lang.Integer -> org.hibernate.type.IntegerType@3fa023
18:30:52,125 DEBUG     org.hibernate.type.BasicTypeRegistry: 148 - Adding type registration long -> org.hibernate.type.LongType@1cc9008
18:30:52,140 DEBUG     org.hibernate.type.BasicTypeRegistry: 148 - Adding type registration long -> org.hibernate.type.LongType@1cc9008
18:30:52,140 DEBUG     org.hibernate.type.BasicTypeRegistry: 148 - Adding type registration java.lang.Long -> org.hibernate.type.LongType@1cc9008
18:30:52,140 DEBUG     org.hibernate.type.BasicTypeRegistry: 148 - Adding type registration float -> org.hibernate.type.FloatType@1829770
18:30:52,140 DEBUG     org.hibernate.type.BasicTypeRegistry: 148 - Adding type registration float -> org.hibernate.type.FloatType@1829770
18:30:52,140 DEBUG     org.hibernate.type.BasicTypeRegistry: 148 - Adding type registration java.lang.Float -> org.hibernate.type.FloatType@1829770
18:30:52,156 DEBUG     org.hibernate.type.BasicTypeRegistry: 148 - Adding type registration double -> org.hibernate.type.DoubleType@13e3b95
18:30:52,156 DEBUG     org.hibernate.type.BasicTypeRegistry: 148 - Adding type registration double -> org.hibernate.type.DoubleType@13e3b95
18:30:52,156 DEBUG     org.hibernate.type.BasicTypeRegistry: 148 - Adding type registration java.lang.Double -> org.hibernate.type.DoubleType@13e3b95
18:30:52,187 DEBUG     org.hibernate.type.BasicTypeRegistry: 148 - Adding type registration big_decimal -> org.hibernate.type.BigDecimalType@12348b3
18:30:52,187 DEBUG     org.hibernate.type.BasicTypeRegistry: 148 - Adding type registration java.math.BigDecimal -> org.hibernate.type.BigDecimalType@12348b3
18:30:52,203 DEBUG     org.hibernate.type.BasicTypeRegistry: 148 - Adding type registration big_integer -> org.hibernate.type.BigIntegerType@1ec0762
18:30:52,203 DEBUG     org.hibernate.type.BasicTypeRegistry: 148 - Adding type registration java.math.BigInteger -> org.hibernate.type.BigIntegerType@1ec0762
18:30:52,203 DEBUG     org.hibernate.type.BasicTypeRegistry: 148 - Adding type registration string -> org.hibernate.type.StringType@89708c
18:30:52,203 DEBUG     org.hibernate.type.BasicTypeRegistry: 148 - Adding type registration java.lang.String -> org.hibernate.type.StringType@89708c
18:30:52,218 DEBUG     org.hibernate.type.BasicTypeRegistry: 148 - Adding type registration nstring -> org.hibernate.type.StringNVarcharType@1669e7f
18:30:52,218 DEBUG     org.hibernate.type.BasicTypeRegistry: 148 - Adding type registration ncharacter -> org.hibernate.type.CharacterNCharType@143fd4d
18:30:52,218 DEBUG     org.hibernate.type.BasicTypeRegistry: 148 - Adding type registration url -> org.hibernate.type.UrlType@1b6fa62
18:30:52,218 DEBUG     org.hibernate.type.BasicTypeRegistry: 148 - Adding type registration java.net.URL -> org.hibernate.type.UrlType@1b6fa62
18:30:52,328 DEBUG     org.hibernate.type.BasicTypeRegistry: 148 - Adding type registration date -> org.hibernate.type.DateType@13d62aa
18:30:52,328 DEBUG     org.hibernate.type.BasicTypeRegistry: 148 - Adding type registration java.sql.Date -> org.hibernate.type.DateType@13d62aa
18:30:52,468 DEBUG     org.hibernate.type.BasicTypeRegistry: 148 - Adding type registration time -> org.hibernate.type.TimeType@bc6f46
18:30:52,468 DEBUG     org.hibernate.type.BasicTypeRegistry: 148 - Adding type registration java.sql.Time -> org.hibernate.type.TimeType@bc6f46
18:30:52,468 DEBUG     org.hibernate.type.BasicTypeRegistry: 148 - Adding type registration timestamp -> org.hibernate.type.TimestampType@1f61519
18:30:52,468 DEBUG     org.hibernate.type.BasicTypeRegistry: 148 - Adding type registration java.sql.Timestamp -> org.hibernate.type.TimestampType@1f61519
18:30:52,468 DEBUG     org.hibernate.type.BasicTypeRegistry: 148 - Adding type registration java.util.Date -> org.hibernate.type.TimestampType@1f61519
18:30:52,484 DEBUG     org.hibernate.type.BasicTypeRegistry: 148 - Adding type registration dbtimestamp -> org.hibernate.type.DbTimestampType@ef95c6
18:30:52,484 DEBUG     org.hibernate.type.BasicTypeRegistry: 148 - Adding type registration calendar -> org.hibernate.type.CalendarType@a8a84c
18:30:52,484 DEBUG     org.hibernate.type.BasicTypeRegistry: 148 - Adding type registration java.util.Calendar -> org.hibernate.type.CalendarType@a8a84c
18:30:52,484 DEBUG     org.hibernate.type.BasicTypeRegistry: 148 - Adding type registration java.util.GregorianCalendar -> org.hibernate.type.CalendarType@a8a84c
18:30:52,484 DEBUG     org.hibernate.type.BasicTypeRegistry: 148 - Adding type registration calendar_date -> org.hibernate.type.CalendarDateType@ad7b0c
18:30:52,515 DEBUG     org.hibernate.type.BasicTypeRegistry: 148 - Adding type registration locale -> org.hibernate.type.LocaleType@1ec391
18:30:52,515 DEBUG     org.hibernate.type.BasicTypeRegistry: 148 - Adding type registration java.util.Locale -> org.hibernate.type.LocaleType@1ec391
18:30:52,515 DEBUG     org.hibernate.type.BasicTypeRegistry: 148 - Adding type registration currency -> org.hibernate.type.CurrencyType@8445f7
18:30:52,515 DEBUG     org.hibernate.type.BasicTypeRegistry: 148 - Adding type registration java.util.Currency -> org.hibernate.type.CurrencyType@8445f7
18:30:52,531 DEBUG     org.hibernate.type.BasicTypeRegistry: 148 - Adding type registration timezone -> org.hibernate.type.TimeZoneType@5dba88
18:30:52,531 DEBUG     org.hibernate.type.BasicTypeRegistry: 148 - Adding type registration java.util.TimeZone -> org.hibernate.type.TimeZoneType@5dba88
18:30:52,531 DEBUG     org.hibernate.type.BasicTypeRegistry: 148 - Adding type registration class -> org.hibernate.type.ClassType@b1c2fe
18:30:52,531 DEBUG     org.hibernate.type.BasicTypeRegistry: 148 - Adding type registration java.lang.Class -> org.hibernate.type.ClassType@b1c2fe
18:30:52,531 DEBUG     org.hibernate.type.BasicTypeRegistry: 148 - Adding type registration uuid-binary -> org.hibernate.type.UUIDBinaryType@1852f24
18:30:52,531 DEBUG     org.hibernate.type.BasicTypeRegistry: 148 - Adding type registration java.util.UUID -> org.hibernate.type.UUIDBinaryType@1852f24
18:30:52,546 DEBUG     org.hibernate.type.BasicTypeRegistry: 148 - Adding type registration uuid-char -> org.hibernate.type.UUIDCharType@1011b29
18:30:52,546 DEBUG     org.hibernate.type.BasicTypeRegistry: 148 - Adding type registration pg-uuid -> org.hibernate.type.PostgresUUIDType@1ecf56a
18:30:52,578 DEBUG     org.hibernate.type.BasicTypeRegistry: 148 - Adding type registration binary -> org.hibernate.type.BinaryType@18283f1
18:30:52,578 DEBUG     org.hibernate.type.BasicTypeRegistry: 148 - Adding type registration byte[] -> org.hibernate.type.BinaryType@18283f1
18:30:52,578 DEBUG     org.hibernate.type.BasicTypeRegistry: 148 - Adding type registration [B -> org.hibernate.type.BinaryType@18283f1
18:30:52,578 DEBUG     org.hibernate.type.BasicTypeRegistry: 148 - Adding type registration wrapper-binary -> org.hibernate.type.WrapperBinaryType@13b8cfd
18:30:52,578 DEBUG     org.hibernate.type.BasicTypeRegistry: 148 - Adding type registration Byte[] -> org.hibernate.type.WrapperBinaryType@13b8cfd
18:30:52,578 DEBUG     org.hibernate.type.BasicTypeRegistry: 148 - Adding type registration [Ljava.lang.Byte; -> org.hibernate.type.WrapperBinaryType@13b8cfd
18:30:52,593 DEBUG     org.hibernate.type.BasicTypeRegistry: 148 - Adding type registration image -> org.hibernate.type.ImageType@1eb8c6a
18:30:52,593 DEBUG     org.hibernate.type.BasicTypeRegistry: 148 - Adding type registration characters -> org.hibernate.type.CharArrayType@213544
18:30:52,593 DEBUG     org.hibernate.type.BasicTypeRegistry: 148 - Adding type registration char[] -> org.hibernate.type.CharArrayType@213544
18:30:52,593 DEBUG     org.hibernate.type.BasicTypeRegistry: 148 - Adding type registration [C -> org.hibernate.type.CharArrayType@213544
18:30:52,593 DEBUG     org.hibernate.type.BasicTypeRegistry: 148 - Adding type registration wrapper-characters -> org.hibernate.type.CharacterArrayType@1d52c4c
18:30:52,593 DEBUG     org.hibernate.type.BasicTypeRegistry: 148 - Adding type registration [Ljava.lang.Character; -> org.hibernate.type.CharacterArrayType@1d52c4c
18:30:52,593 DEBUG     org.hibernate.type.BasicTypeRegistry: 148 - Adding type registration Character[] -> org.hibernate.type.CharacterArrayType@1d52c4c
18:30:52,609 DEBUG     org.hibernate.type.BasicTypeRegistry: 148 - Adding type registration text -> org.hibernate.type.TextType@137c834
18:30:52,609 DEBUG     org.hibernate.type.BasicTypeRegistry: 148 - Adding type registration ntext -> org.hibernate.type.NTextType@f9e89d
18:30:52,640 DEBUG     org.hibernate.type.BasicTypeRegistry: 148 - Adding type registration blob -> org.hibernate.type.BlobType@fcfc67
18:30:52,640 DEBUG     org.hibernate.type.BasicTypeRegistry: 148 - Adding type registration java.sql.Blob -> org.hibernate.type.BlobType@fcfc67
18:30:52,656 DEBUG     org.hibernate.type.BasicTypeRegistry: 148 - Adding type registration materialized_blob -> org.hibernate.type.MaterializedBlobType@106636f
18:30:52,671 DEBUG     org.hibernate.type.BasicTypeRegistry: 148 - Adding type registration clob -> org.hibernate.type.ClobType@74d242
18:30:52,671 DEBUG     org.hibernate.type.BasicTypeRegistry: 148 - Adding type registration java.sql.Clob -> org.hibernate.type.ClobType@74d242
18:30:52,687 DEBUG     org.hibernate.type.BasicTypeRegistry: 148 - Adding type registration nclob -> org.hibernate.type.NClobType@d9e447
18:30:52,687 DEBUG     org.hibernate.type.BasicTypeRegistry: 148 - Adding type registration java.sql.NClob -> org.hibernate.type.NClobType@d9e447
18:30:52,687 DEBUG     org.hibernate.type.BasicTypeRegistry: 148 - Adding type registration materialized_clob -> org.hibernate.type.MaterializedClobType@87ac8f
18:30:52,687 DEBUG     org.hibernate.type.BasicTypeRegistry: 148 - Adding type registration materialized_nclob -> org.hibernate.type.MaterializedNClobType@3e9c6b
18:30:52,703 DEBUG     org.hibernate.type.BasicTypeRegistry: 148 - Adding type registration serializable -> org.hibernate.type.SerializableType@1b6feb1
18:30:52,703 DEBUG     org.hibernate.type.BasicTypeRegistry: 148 - Adding type registration object -> org.hibernate.type.ObjectType@8f310f
18:30:52,718 DEBUG     org.hibernate.type.BasicTypeRegistry: 148 - Adding type registration java.lang.Object -> org.hibernate.type.ObjectType@8f310f
18:30:52,718 DEBUG     org.hibernate.type.BasicTypeRegistry: 148 - Adding type registration imm_date -> org.hibernate.type.AdaptedImmutableType@1e3b5e0
18:30:52,718 DEBUG     org.hibernate.type.BasicTypeRegistry: 148 - Adding type registration imm_time -> org.hibernate.type.AdaptedImmutableType@1ce7242
18:30:52,718 DEBUG     org.hibernate.type.BasicTypeRegistry: 148 - Adding type registration imm_timestamp -> org.hibernate.type.AdaptedImmutableType@10dc5f
18:30:52,718 DEBUG     org.hibernate.type.BasicTypeRegistry: 148 - Adding type registration imm_dbtimestamp -> org.hibernate.type.AdaptedImmutableType@a4b72c
18:30:52,718 DEBUG     org.hibernate.type.BasicTypeRegistry: 148 - Adding type registration imm_calendar -> org.hibernate.type.AdaptedImmutableType@381dc2
18:30:52,718 DEBUG     org.hibernate.type.BasicTypeRegistry: 148 - Adding type registration imm_calendar_date -> org.hibernate.type.AdaptedImmutableType@c425c4
18:30:52,718 DEBUG     org.hibernate.type.BasicTypeRegistry: 148 - Adding type registration imm_binary -> org.hibernate.type.AdaptedImmutableType@126f585
18:30:52,718 DEBUG     org.hibernate.type.BasicTypeRegistry: 148 - Adding type registration imm_serializable -> org.hibernate.type.AdaptedImmutableType@bcd7ee
18:30:52,859  INFO org.hibernate.annotations.common.Version:  37 - HCANN000001: Hibernate Commons Annotations {4.0.2.Final}
18:30:52,937  INFO                    org.hibernate.Version:  41 - HHH000412: Hibernate Core {4.2.2.Final}
18:30:52,953  INFO            org.hibernate.cfg.Environment: 239 - HHH000206: hibernate.properties not found
18:30:52,953  INFO            org.hibernate.cfg.Environment: 342 - HHH000021: Bytecode provider name : javassist
18:30:53,437  INFO          org.hibernate.cfg.Configuration: 470 - HHH000220: Reading mappings from file: d:\workspace-ccea\ccea-persistence\target\classes\META-INF\spring\Project.hbm.xml
18:30:53,687  WARN nate.internal.util.xml.DTDEntityResolver:  74 - HHH000223: Recognized obsolete hibernate namespace http://hibernate.sourceforge.net/. Use namespace http://www.hibernate.org/dtd/ instead. Refer to Hibernate 3.6 Migration Guide!
18:30:53,937  INFO          org.hibernate.cfg.Configuration: 470 - HHH000220: Reading mappings from file: d:\workspace-ccea\ccea-persistence\target\classes\META-INF\spring\User.hbm.xml
18:30:53,937  WARN nate.internal.util.xml.DTDEntityResolver:  74 - HHH000223: Recognized obsolete hibernate namespace http://hibernate.sourceforge.net/. Use namespace http://www.hibernate.org/dtd/ instead. Refer to Hibernate 3.6 Migration Guide!
18:30:54,046  INFO          org.hibernate.cfg.Configuration: 470 - HHH000220: Reading mappings from file: d:\workspace-ccea\ccea-persistence\target\classes\META-INF\spring\UserProject.hbm.xml
18:30:54,062  WARN nate.internal.util.xml.DTDEntityResolver:  74 - HHH000223: Recognized obsolete hibernate namespace http://hibernate.sourceforge.net/. Use namespace http://www.hibernate.org/dtd/ instead. Refer to Hibernate 3.6 Migration Guide!
18:30:56,484  WARN te.engine.jdbc.internal.JdbcServicesImpl: 169 - HHH000342: Could not obtain connection to query metadata : Communications link failure

The last packet sent successfully to the server was 0 milliseconds ago. The driver has not received any packets from the server.
18:30:56,562  INFO            org.hibernate.dialect.Dialect: 130 - HHH000400: Using dialect: org.hibernate.dialect.MySQL5InnoDBDialect
18:30:56,968  INFO e.engine.jdbc.internal.LobCreatorBuilder:  85 - HHH000422: Disabling contextual LOB creation as connection was null
18:30:57,453  INFO ion.internal.TransactionFactoryInitiator:  68 - HHH000399: Using default transaction strategy (direct JDBC transactions)
18:30:57,484  INFO l.internal.ast.ASTQueryTranslatorFactory:  48 - HHH000397: Using ASTQueryTranslatorFactory
18:30:57,656 TRACE           org.hibernate.type.TypeFactory:  71 - Scoping types to session factory org.hibernate.internal.SessionFactoryImpl@18bb76a
18:31:01,734  WARN rnate.engine.jdbc.spi.SqlExceptionHelper: 145 - SQL Error: 0, SQLState: 08S01
18:31:01,734 ERROR rnate.engine.jdbc.spi.SqlExceptionHelper: 147 - Communications link failure

The last packet sent successfully to the server was 0 milliseconds ago. The driver has not received any packets from the server.
]]></system-out>
    <system-err><![CDATA[SLF4J: Class path contains multiple SLF4J bindings.
SLF4J: Found binding in [jar:file:/d:/.m2/repository/org/slf4j/slf4j-simple/1.7.5/slf4j-simple-1.7.5.jar!/org/slf4j/impl/StaticLoggerBinder.class]
SLF4J: Found binding in [jar:file:/d:/.m2/repository/ch/qos/logback/logback-classic/1.0.0/logback-classic-1.0.0.jar!/org/slf4j/impl/StaticLoggerBinder.class]
SLF4J: See http://www.slf4j.org/codes.html#multiple_bindings for an explanation.
SLF4J: Actual binding is of type [org.slf4j.impl.SimpleLoggerFactory]
[main] INFO org.springframework.beans.factory.xml.XmlBeanDefinitionReader - Loading XML bean definitions from class path resource [META-INF/ExampleConfigurationTests-context.xml]
[main] INFO org.springframework.beans.factory.xml.XmlBeanDefinitionReader - Loading XML bean definitions from class path resource [META-INF/spring/app-context.xml]
[main] INFO org.springframework.context.annotation.ClassPathBeanDefinitionScanner - JSR-330 'javax.inject.Named' annotation found and supported for component scanning
[main] INFO org.springframework.context.support.GenericApplicationContext - Refreshing org.springframework.context.support.GenericApplicationContext@1f854bd: startup date [Tue Jan 21 18:30:49 GMT 2014]; root of context hierarchy
[main] INFO org.springframework.beans.factory.config.PropertyPlaceholderConfigurer - Loading properties file from class path resource [META-INF/spring/jdbc.properties]
[main] INFO org.springframework.beans.factory.annotation.AutowiredAnnotationBeanPostProcessor - JSR-330 'javax.inject.Inject' annotation found and supported for autowiring
[main] INFO org.springframework.beans.factory.support.DefaultListableBeanFactory - Pre-instantiating singletons in org.springframework.beans.factory.support.DefaultListableBeanFactory@71729c: defining beans [projectDAO,userDAO,userProjectDAO,uiServiceManager,userReportManager,reportService,org.springframework.context.annotation.internalConfigurationAnnotationProcessor,org.springframework.context.annotation.internalAutowiredAnnotationProcessor,org.springframework.context.annotation.internalRequiredAnnotationProcessor,org.springframework.context.annotation.internalCommonAnnotationProcessor,org.springframework.context.annotation.internalPersistenceAnnotationProcessor,propertyConfigurer,dataSource,sessionFactory,org.springframework.aop.config.internalAutoProxyCreator,org.springframework.transaction.annotation.AnnotationTransactionAttributeSource#0,org.springframework.transaction.interceptor.TransactionInterceptor#0,org.springframework.transaction.config.internalTransactionAdvisor,transactionManager,org.springframework.context.annotation.ConfigurationClassPostProcessor.importAwareProcessor]; root of factory hierarchy
[main] INFO org.hibernate.validator.util.Version - Hibernate Validator 4.2.0.Final
[main] INFO org.springframework.orm.hibernate4.HibernateTransactionManager - Using DataSource [org.apache.commons.dbcp.BasicDataSource@3e1661] of Hibernate SessionFactory for HibernateTransactionManager
[main] WARN org.springframework.test.context.TestContextManager - Caught exception while allowing TestExecutionListener [org.springframework.test.context.transaction.TransactionalTestExecutionListener@1feab6f] to process 'before' execution of test method [public void com.ccea.persistence.UserReportTests.testGetUesrReport() throws java.lang.Exception] for test instance [com.ccea.persistence.UserReportTests@a90a8f]
org.springframework.transaction.CannotCreateTransactionException: Could not open Hibernate Session for transaction; nested exception is org.hibernate.exception.JDBCConnectionException: Could not open connection
	at org.springframework.orm.hibernate4.HibernateTransactionManager.doBegin(HibernateTransactionManager.java:514)
	at org.springframework.transaction.support.AbstractPlatformTransactionManager.getTransaction(AbstractPlatformTransactionManager.java:372)
	at org.springframework.test.context.transaction.TransactionalTestExecutionListener$TransactionContext.startTransaction(TransactionalTestExecutionListener.java:583)
	at org.springframework.test.context.transaction.TransactionalTestExecutionListener.startNewTransaction(TransactionalTestExecutionListener.java:276)
	at org.springframework.test.context.transaction.TransactionalTestExecutionListener.beforeTestMethod(TransactionalTestExecutionListener.java:171)
	at org.springframework.test.context.TestContextManager.beforeTestMethod(TestContextManager.java:348)
	at org.springframework.test.context.junit4.statements.RunBeforeTestMethodCallbacks.evaluate(RunBeforeTestMethodCallbacks.java:73)
	at org.springframework.test.context.junit4.statements.RunAfterTestMethodCallbacks.evaluate(RunAfterTestMethodCallbacks.java:83)
	at org.springframework.test.context.junit4.statements.SpringRepeat.evaluate(SpringRepeat.java:72)
	at org.springframework.test.context.junit4.SpringJUnit4ClassRunner.runChild(SpringJUnit4ClassRunner.java:231)
	at org.springframework.test.context.junit4.SpringJUnit4ClassRunner.runChild(SpringJUnit4ClassRunner.java:88)
	at org.junit.runners.ParentRunner$3.run(ParentRunner.java:193)
	at org.junit.runners.ParentRunner$1.schedule(ParentRunner.java:52)
	at org.junit.runners.ParentRunner.runChildren(ParentRunner.java:191)
	at org.junit.runners.ParentRunner.access$000(ParentRunner.java:42)
	at org.junit.runners.ParentRunner$2.evaluate(ParentRunner.java:184)
	at org.springframework.test.context.junit4.statements.RunBeforeTestClassCallbacks.evaluate(RunBeforeTestClassCallbacks.java:61)
	at org.springframework.test.context.junit4.statements.RunAfterTestClassCallbacks.evaluate(RunAfterTestClassCallbacks.java:71)
	at org.junit.runners.ParentRunner.run(ParentRunner.java:236)
	at org.springframework.test.context.junit4.SpringJUnit4ClassRunner.run(SpringJUnit4ClassRunner.java:174)
	at org.apache.maven.surefire.junit4.JUnit4Provider.execute(JUnit4Provider.java:264)
	at org.apache.maven.surefire.junit4.JUnit4Provider.executeTestSet(JUnit4Provider.java:153)
	at org.apache.maven.surefire.junit4.JUnit4Provider.invoke(JUnit4Provider.java:124)
	at org.apache.maven.surefire.booter.ForkedBooter.invokeProviderInSameClassLoader(ForkedBooter.java:200)
	at org.apache.maven.surefire.booter.ForkedBooter.runSuitesInProcess(ForkedBooter.java:153)
	at org.apache.maven.surefire.booter.ForkedBooter.main(ForkedBooter.java:103)
Caused by: org.hibernate.exception.JDBCConnectionException: Could not open connection
	at org.hibernate.exception.internal.SQLStateConversionDelegate.convert(SQLStateConversionDelegate.java:132)
	at org.hibernate.exception.internal.StandardSQLExceptionConverter.convert(StandardSQLExceptionConverter.java:49)
	at org.hibernate.engine.jdbc.spi.SqlExceptionHelper.convert(SqlExceptionHelper.java:125)
	at org.hibernate.engine.jdbc.spi.SqlExceptionHelper.convert(SqlExceptionHelper.java:110)
	at org.hibernate.engine.jdbc.internal.LogicalConnectionImpl.obtainConnection(LogicalConnectionImpl.java:221)
	at org.hibernate.engine.jdbc.internal.LogicalConnectionImpl.getConnection(LogicalConnectionImpl.java:157)
	at org.hibernate.internal.SessionImpl.connection(SessionImpl.java:550)
	at org.springframework.orm.hibernate4.HibernateTransactionManager.doBegin(HibernateTransactionManager.java:428)
	... 25 more
Caused by: com.mysql.jdbc.exceptions.jdbc4.CommunicationsException: Communications link failure

The last packet sent successfully to the server was 0 milliseconds ago. The driver has not received any packets from the server.
	at sun.reflect.NativeConstructorAccessorImpl.newInstance0(Native Method)
	at sun.reflect.NativeConstructorAccessorImpl.newInstance(NativeConstructorAccessorImpl.java:57)
	at sun.reflect.DelegatingConstructorAccessorImpl.newInstance(DelegatingConstructorAccessorImpl.java:45)
	at java.lang.reflect.Constructor.newInstance(Constructor.java:526)
	at com.mysql.jdbc.Util.handleNewInstance(Util.java:411)
	at com.mysql.jdbc.SQLError.createCommunicationsException(SQLError.java:1129)
	at com.mysql.jdbc.MysqlIO.<init>(MysqlIO.java:358)
	at com.mysql.jdbc.ConnectionImpl.coreConnect(ConnectionImpl.java:2489)
	at com.mysql.jdbc.ConnectionImpl.connectOneTryOnly(ConnectionImpl.java:2526)
	at com.mysql.jdbc.ConnectionImpl.createNewIO(ConnectionImpl.java:2311)
	at com.mysql.jdbc.ConnectionImpl.<init>(ConnectionImpl.java:834)
	at com.mysql.jdbc.JDBC4Connection.<init>(JDBC4Connection.java:47)
	at sun.reflect.NativeConstructorAccessorImpl.newInstance0(Native Method)
	at sun.reflect.NativeConstructorAccessorImpl.newInstance(NativeConstructorAccessorImpl.java:57)
	at sun.reflect.DelegatingConstructorAccessorImpl.newInstance(DelegatingConstructorAccessorImpl.java:45)
	at java.lang.reflect.Constructor.newInstance(Constructor.java:526)
	at com.mysql.jdbc.Util.handleNewInstance(Util.java:411)
	at com.mysql.jdbc.ConnectionImpl.getInstance(ConnectionImpl.java:416)
	at com.mysql.jdbc.NonRegisteringDriver.connect(NonRegisteringDriver.java:347)
	at org.apache.commons.dbcp.DriverConnectionFactory.createConnection(DriverConnectionFactory.java:82)
	at org.apache.commons.dbcp.PoolableConnectionFactory.makeObject(PoolableConnectionFactory.java:256)
	at org.apache.commons.pool.impl.GenericObjectPool.borrowObject(GenericObjectPool.java:816)
	at org.apache.commons.dbcp.PoolingDataSource.getConnection(PoolingDataSource.java:115)
	at org.apache.commons.dbcp.BasicDataSource.getConnection(BasicDataSource.java:430)
	at org.hibernate.service.jdbc.connections.internal.DatasourceConnectionProviderImpl.getConnection(DatasourceConnectionProviderImpl.java:141)
	at org.hibernate.internal.AbstractSessionImpl$NonContextualJdbcConnectionAccess.obtainConnection(AbstractSessionImpl.java:292)
	at org.hibernate.engine.jdbc.internal.LogicalConnectionImpl.obtainConnection(LogicalConnectionImpl.java:214)
	... 28 more
Caused by: java.net.ConnectException: Connection refused: connect
	at java.net.TwoStacksPlainSocketImpl.socketConnect(Native Method)
	at java.net.AbstractPlainSocketImpl.doConnect(AbstractPlainSocketImpl.java:339)
	at java.net.AbstractPlainSocketImpl.connectToAddress(AbstractPlainSocketImpl.java:200)
	at java.net.AbstractPlainSocketImpl.connect(AbstractPlainSocketImpl.java:182)
	at java.net.PlainSocketImpl.connect(PlainSocketImpl.java:172)
	at java.net.SocksSocketImpl.connect(SocksSocketImpl.java:392)
	at java.net.Socket.connect(Socket.java:579)
	at java.net.Socket.connect(Socket.java:528)
	at java.net.Socket.<init>(Socket.java:425)
	at java.net.Socket.<init>(Socket.java:241)
	at com.mysql.jdbc.StandardSocketFactory.connect(StandardSocketFactory.java:256)
	at com.mysql.jdbc.MysqlIO.<init>(MysqlIO.java:308)
	... 48 more
]]></system-err>
  </testcase>
</testsuite>