<?xml version="1.0" encoding="UTF-8"?>
<testsuite name="com.ccea.persistence.CceaCrudTests" time="26.438" tests="2" errors="2" skipped="0" failures="0">
  <properties>
[...]
</properties>
  <testcase name="testCRUDOperations" classname="com.ccea.persistence.CceaCrudTests" time="25.391">
    <error message="Could not open Hibernate Session for transaction; nested exception is org.hibernate.exception.JDBCConnectionException: Could not open connection" type="org.springframework.transaction.CannotCreateTransactionException"><![CDATA[org.springframework.transaction.CannotCreateTransactionException: Could not open Hibernate Session for transaction; nested exception is org.hibernate.exception.JDBCConnectionException: Could not open connection
	at org.springframework.orm.hibernate4.HibernateTransactionManager.doBegin(HibernateTransactionManager.java:514)
	at org.springframework.transaction.support.AbstractPlatformTransactionManager.getTransaction(AbstractPlatformTransactionManager.java:372)
	at org.springframework.test.context.transaction.TransactionalTestExecutionListener$TransactionContext.startTransaction(TransactionalTestExecutionListener.java:583)
	at org.springframework.test.context.transaction.TransactionalTestExecutionListener.startNewTransaction(TransactionalTestExecutionListener.java:276)
	at org.springframework.test.context.transaction.TransactionalTestExecutionListener.beforeTestMethod(TransactionalTestExecutionListener.java:171)
	at org.springframework.test.context.TestContextManager.beforeTestMethod(TestContextManager.java:348)
	at org.springframework.test.context.junit4.statements.RunBeforeTestMethodCallbacks.evaluate(RunBeforeTestMethodCallbacks.java:73)
	at org.springframework.test.context.junit4.statements.RunAfterTestMethodCallbacks.evaluate(RunAfterTestMethodCallbacks.java:83)
	at org.springframework.test.context.junit4.statements.SpringRepeat.evaluate(SpringRepeat.java:72)
	at org.springframework.test.context.junit4.SpringJUnit4ClassRunner.runChild(SpringJUnit4ClassRunner.java:231)
	at org.springframework.test.context.junit4.SpringJUnit4ClassRunner.runChild(SpringJUnit4ClassRunner.java:88)
	at org.junit.runners.ParentRunner$3.run(ParentRunner.java:193)
	at org.junit.runners.ParentRunner$1.schedule(ParentRunner.java:52)
	at org.junit.runners.ParentRunner.runChildren(ParentRunner.java:191)
	at org.junit.runners.ParentRunner.access$000(ParentRunner.java:42)
	at org.junit.runners.ParentRunner$2.evaluate(ParentRunner.java:184)
	at org.springframework.test.context.junit4.statements.RunBeforeTestClassCallbacks.evaluate(RunBeforeTestClassCallbacks.java:61)
	at org.springframework.test.context.junit4.statements.RunAfterTestClassCallbacks.evaluate(RunAfterTestClassCallbacks.java:71)
	at org.junit.runners.ParentRunner.run(ParentRunner.java:236)
	at org.springframework.test.context.junit4.SpringJUnit4ClassRunner.run(SpringJUnit4ClassRunner.java:174)
	at org.apache.maven.surefire.junit4.JUnit4Provider.execute(JUnit4Provider.java:264)
	at org.apache.maven.surefire.junit4.JUnit4Provider.executeTestSet(JUnit4Provider.java:153)
	at org.apache.maven.surefire.junit4.JUnit4Provider.invoke(JUnit4Provider.java:124)
	at org.apache.maven.surefire.booter.ForkedBooter.invokeProviderInSameClassLoader(ForkedBooter.java:200)
	at org.apache.maven.surefire.booter.ForkedBooter.runSuitesInProcess(ForkedBooter.java:153)
	at org.apache.maven.surefire.booter.ForkedBooter.main(ForkedBooter.java:103)
Caused by: org.hibernate.exception.JDBCConnectionException: Could not open connection
	at org.hibernate.exception.internal.SQLStateConversionDelegate.convert(SQLStateConversionDelegate.java:132)
	at org.hibernate.exception.internal.StandardSQLExceptionConverter.convert(StandardSQLExceptionConverter.java:49)
	at org.hibernate.engine.jdbc.spi.SqlExceptionHelper.convert(SqlExceptionHelper.java:125)
	at org.hibernate.engine.jdbc.spi.SqlExceptionHelper.convert(SqlExceptionHelper.java:110)
	at org.hibernate.engine.jdbc.internal.LogicalConnectionImpl.obtainConnection(LogicalConnectionImpl.java:221)
	at org.hibernate.engine.jdbc.internal.LogicalConnectionImpl.getConnection(LogicalConnectionImpl.java:157)
	at org.hibernate.internal.SessionImpl.connection(SessionImpl.java:550)
	at org.springframework.orm.hibernate4.HibernateTransactionManager.doBegin(HibernateTransactionManager.java:428)
	at org.springframework.transaction.support.AbstractPlatformTransactionManager.getTransaction(AbstractPlatformTransactionManager.java:372)
	at org.springframework.test.context.transaction.TransactionalTestExecutionListener$TransactionContext.startTransaction(TransactionalTestExecutionListener.java:583)
	at org.springframework.test.context.transaction.TransactionalTestExecutionListener.startNewTransaction(TransactionalTestExecutionListener.java:276)
	at org.springframework.test.context.transaction.TransactionalTestExecutionListener.beforeTestMethod(TransactionalTestExecutionListener.java:171)
	at org.springframework.test.context.TestContextManager.beforeTestMethod(TestContextManager.java:348)
	at org.springframework.test.context.junit4.statements.RunBeforeTestMethodCallbacks.evaluate(RunBeforeTestMethodCallbacks.java:73)
	at org.springframework.test.context.junit4.statements.RunAfterTestMethodCallbacks.evaluate(RunAfterTestMethodCallbacks.java:83)
	at org.springframework.test.context.junit4.statements.SpringRepeat.evaluate(SpringRepeat.java:72)
	at org.springframework.test.context.junit4.SpringJUnit4ClassRunner.runChild(SpringJUnit4ClassRunner.java:231)
	at org.springframework.test.context.junit4.SpringJUnit4ClassRunner.runChild(SpringJUnit4ClassRunner.java:88)
	at org.junit.runners.ParentRunner$3.run(ParentRunner.java:193)
	at org.junit.runners.ParentRunner$1.schedule(ParentRunner.java:52)
	at org.junit.runners.ParentRunner.runChildren(ParentRunner.java:191)
	at org.junit.runners.ParentRunner.access$000(ParentRunner.java:42)
	at org.junit.runners.ParentRunner$2.evaluate(ParentRunner.java:184)
	at org.springframework.test.context.junit4.statements.RunBeforeTestClassCallbacks.evaluate(RunBeforeTestClassCallbacks.java:61)
	at org.springframework.test.context.junit4.statements.RunAfterTestClassCallbacks.evaluate(RunAfterTestClassCallbacks.java:71)
	at org.junit.runners.ParentRunner.run(ParentRunner.java:236)
	at org.springframework.test.context.junit4.SpringJUnit4ClassRunner.run(SpringJUnit4ClassRunner.java:174)
	at org.apache.maven.surefire.junit4.JUnit4Provider.execute(JUnit4Provider.java:264)
	at org.apache.maven.surefire.junit4.JUnit4Provider.executeTestSet(JUnit4Provider.java:153)
	at org.apache.maven.surefire.junit4.JUnit4Provider.invoke(JUnit4Provider.java:124)
	at org.apache.maven.surefire.booter.ForkedBooter.invokeProviderInSameClassLoader(ForkedBooter.java:200)
	at org.apache.maven.surefire.booter.ForkedBooter.runSuitesInProcess(ForkedBooter.java:153)
	at org.apache.maven.surefire.booter.ForkedBooter.main(ForkedBooter.java:103)
Caused by: com.mysql.jdbc.exceptions.jdbc4.CommunicationsException: Communications link failure

The last packet sent successfully to the server was 0 milliseconds ago. The driver has not received any packets from the server.
	at sun.reflect.NativeConstructorAccessorImpl.newInstance0(Native Method)
	at sun.reflect.NativeConstructorAccessorImpl.newInstance(NativeConstructorAccessorImpl.java:57)
	at sun.reflect.DelegatingConstructorAccessorImpl.newInstance(DelegatingConstructorAccessorImpl.java:45)
	at java.lang.reflect.Constructor.newInstance(Constructor.java:526)
	at com.mysql.jdbc.Util.handleNewInstance(Util.java:411)
	at com.mysql.jdbc.SQLError.createCommunicationsException(SQLError.java:1129)
	at com.mysql.jdbc.MysqlIO.<init>(MysqlIO.java:358)
	at com.mysql.jdbc.ConnectionImpl.coreConnect(ConnectionImpl.java:2489)
	at com.mysql.jdbc.ConnectionImpl.connectOneTryOnly(ConnectionImpl.java:2526)
	at com.mysql.jdbc.ConnectionImpl.createNewIO(ConnectionImpl.java:2311)
	at com.mysql.jdbc.ConnectionImpl.<init>(ConnectionImpl.java:834)
	at com.mysql.jdbc.JDBC4Connection.<init>(JDBC4Connection.java:47)
	at sun.reflect.NativeConstructorAccessorImpl.newInstance0(Native Method)
	at sun.reflect.NativeConstructorAccessorImpl.newInstance(NativeConstructorAccessorImpl.java:57)
	at sun.reflect.DelegatingConstructorAccessorImpl.newInstance(DelegatingConstructorAccessorImpl.java:45)
	at java.lang.reflect.Constructor.newInstance(Constructor.java:526)
	at com.mysql.jdbc.Util.handleNewInstance(Util.java:411)
	at com.mysql.jdbc.ConnectionImpl.getInstance(ConnectionImpl.java:416)
	at com.mysql.jdbc.NonRegisteringDriver.connect(NonRegisteringDriver.java:347)
	at org.apache.commons.dbcp.DriverConnectionFactory.createConnection(DriverConnectionFactory.java:82)
	at org.apache.commons.dbcp.PoolableConnectionFactory.makeObject(PoolableConnectionFactory.java:256)
	at org.apache.commons.pool.impl.GenericObjectPool.borrowObject(GenericObjectPool.java:816)
	at org.apache.commons.dbcp.PoolingDataSource.getConnection(PoolingDataSource.java:115)
	at org.apache.commons.dbcp.BasicDataSource.getConnection(BasicDataSource.java:430)
	at org.hibernate.service.jdbc.connections.internal.DatasourceConnectionProviderImpl.getConnection(DatasourceConnectionProviderImpl.java:141)
	at org.hibernate.internal.AbstractSessionImpl$NonContextualJdbcConnectionAccess.obtainConnection(AbstractSessionImpl.java:292)
	at org.hibernate.engine.jdbc.internal.LogicalConnectionImpl.obtainConnection(LogicalConnectionImpl.java:214)
	at org.hibernate.engine.jdbc.internal.LogicalConnectionImpl.getConnection(LogicalConnectionImpl.java:157)
	at org.hibernate.internal.SessionImpl.connection(SessionImpl.java:550)
	at org.springframework.orm.hibernate4.HibernateTransactionManager.doBegin(HibernateTransactionManager.java:428)
	at org.springframework.transaction.support.AbstractPlatformTransactionManager.getTransaction(AbstractPlatformTransactionManager.java:372)
	at org.springframework.test.context.transaction.TransactionalTestExecutionListener$TransactionContext.startTransaction(TransactionalTestExecutionListener.java:583)
	at org.springframework.test.context.transaction.TransactionalTestExecutionListener.startNewTransaction(TransactionalTestExecutionListener.java:276)
	at org.springframework.test.context.transaction.TransactionalTestExecutionListener.beforeTestMethod(TransactionalTestExecutionListener.java:171)
	at org.springframework.test.context.TestContextManager.beforeTestMethod(TestContextManager.java:348)
	at org.springframework.test.context.junit4.statements.RunBeforeTestMethodCallbacks.evaluate(RunBeforeTestMethodCallbacks.java:73)
	at org.springframework.test.context.junit4.statements.RunAfterTestMethodCallbacks.evaluate(RunAfterTestMethodCallbacks.java:83)
	at org.springframework.test.context.junit4.statements.SpringRepeat.evaluate(SpringRepeat.java:72)
	at org.springframework.test.context.junit4.SpringJUnit4ClassRunner.runChild(SpringJUnit4ClassRunner.java:231)
	at org.springframework.test.context.junit4.SpringJUnit4ClassRunner.runChild(SpringJUnit4ClassRunner.java:88)
	at org.junit.runners.ParentRunner$3.run(ParentRunner.java:193)
	at org.junit.runners.ParentRunner$1.schedule(ParentRunner.java:52)
	at org.junit.runners.ParentRunner.runChildren(ParentRunner.java:191)
	at org.junit.runners.ParentRunner.access$000(ParentRunner.java:42)
	at org.junit.runners.ParentRunner$2.evaluate(ParentRunner.java:184)
	at org.springframework.test.context.junit4.statements.RunBeforeTestClassCallbacks.evaluate(RunBeforeTestClassCallbacks.java:61)
	at org.springframework.test.context.junit4.statements.RunAfterTestClassCallbacks.evaluate(RunAfterTestClassCallbacks.java:71)
	at org.junit.runners.ParentRunner.run(ParentRunner.java:236)
	at org.springframework.test.context.junit4.SpringJUnit4ClassRunner.run(SpringJUnit4ClassRunner.java:174)
	at org.apache.maven.surefire.junit4.JUnit4Provider.execute(JUnit4Provider.java:264)
	at org.apache.maven.surefire.junit4.JUnit4Provider.executeTestSet(JUnit4Provider.java:153)
	at org.apache.maven.surefire.junit4.JUnit4Provider.invoke(JUnit4Provider.java:124)
	at org.apache.maven.surefire.booter.ForkedBooter.invokeProviderInSameClassLoader(ForkedBooter.java:200)
	at org.apache.maven.surefire.booter.ForkedBooter.runSuitesInProcess(ForkedBooter.java:153)
	at org.apache.maven.surefire.booter.ForkedBooter.main(ForkedBooter.java:103)
Caused by: java.net.ConnectException: Connection refused: connect
	at java.net.TwoStacksPlainSocketImpl.socketConnect(Native Method)
	at java.net.AbstractPlainSocketImpl.doConnect(AbstractPlainSocketImpl.java:339)
	at java.net.AbstractPlainSocketImpl.connectToAddress(AbstractPlainSocketImpl.java:200)
	at java.net.AbstractPlainSocketImpl.connect(AbstractPlainSocketImpl.java:182)
	at java.net.PlainSocketImpl.connect(PlainSocketImpl.java:172)
	at java.net.SocksSocketImpl.connect(SocksSocketImpl.java:392)
	at java.net.Socket.connect(Socket.java:579)
	at java.net.Socket.connect(Socket.java:528)
	at java.net.Socket.<init>(Socket.java:425)
	at java.net.Socket.<init>(Socket.java:241)
	at com.mysql.jdbc.StandardSocketFactory.connect(StandardSocketFactory.java:256)
	at com.mysql.jdbc.MysqlIO.<init>(MysqlIO.java:308)
	at com.mysql.jdbc.ConnectionImpl.coreConnect(ConnectionImpl.java:2489)
	at com.mysql.jdbc.ConnectionImpl.connectOneTryOnly(ConnectionImpl.java:2526)
	at com.mysql.jdbc.ConnectionImpl.createNewIO(ConnectionImpl.java:2311)
	at com.mysql.jdbc.ConnectionImpl.<init>(ConnectionImpl.java:834)
	at com.mysql.jdbc.JDBC4Connection.<init>(JDBC4Connection.java:47)
	at sun.reflect.NativeConstructorAccessorImpl.newInstance0(Native Method)
	at sun.reflect.NativeConstructorAccessorImpl.newInstance(NativeConstructorAccessorImpl.java:57)
	at sun.reflect.DelegatingConstructorAccessorImpl.newInstance(DelegatingConstructorAccessorImpl.java:45)
	at java.lang.reflect.Constructor.newInstance(Constructor.java:526)
	at com.mysql.jdbc.Util.handleNewInstance(Util.java:411)
	at com.mysql.jdbc.ConnectionImpl.getInstance(ConnectionImpl.java:416)
	at com.mysql.jdbc.NonRegisteringDriver.connect(NonRegisteringDriver.java:347)
	at org.apache.commons.dbcp.DriverConnectionFactory.createConnection(DriverConnectionFactory.java:82)
	at org.apache.commons.dbcp.PoolableConnectionFactory.makeObject(PoolableConnectionFactory.java:256)
	at org.apache.commons.pool.impl.GenericObjectPool.borrowObject(GenericObjectPool.java:816)
	at org.apache.commons.dbcp.PoolingDataSource.getConnection(PoolingDataSource.java:115)
	at org.apache.commons.dbcp.BasicDataSource.getConnection(BasicDataSource.java:430)
	at org.hibernate.service.jdbc.connections.internal.DatasourceConnectionProviderImpl.getConnection(DatasourceConnectionProviderImpl.java:141)
	at org.hibernate.internal.AbstractSessionImpl$NonContextualJdbcConnectionAccess.obtainConnection(AbstractSessionImpl.java:292)
	at org.hibernate.engine.jdbc.internal.LogicalConnectionImpl.obtainConnection(LogicalConnectionImpl.java:214)
	at org.hibernate.engine.jdbc.internal.LogicalConnectionImpl.getConnection(LogicalConnectionImpl.java:157)
	at org.hibernate.internal.SessionImpl.connection(SessionImpl.java:550)
	at org.springframework.orm.hibernate4.HibernateTransactionManager.doBegin(HibernateTransactionManager.java:428)
	at org.springframework.transaction.support.AbstractPlatformTransactionManager.getTransaction(AbstractPlatformTransactionManager.java:372)
	at org.springframework.test.context.transaction.TransactionalTestExecutionListener$TransactionContext.startTransaction(TransactionalTestExecutionListener.java:583)
	at org.springframework.test.context.transaction.TransactionalTestExecutionListener.startNewTransaction(TransactionalTestExecutionListener.java:276)
	at org.springframework.test.context.transaction.TransactionalTestExecutionListener.beforeTestMethod(TransactionalTestExecutionListener.java:171)
	at org.springframework.test.context.TestContextManager.beforeTestMethod(TestContextManager.java:348)
	at org.springframework.test.context.junit4.statements.RunBeforeTestMethodCallbacks.evaluate(RunBeforeTestMethodCallbacks.java:73)
	at org.springframework.test.context.junit4.statements.RunAfterTestMethodCallbacks.evaluate(RunAfterTestMethodCallbacks.java:83)
	at org.springframework.test.context.junit4.statements.SpringRepeat.evaluate(SpringRepeat.java:72)
	at org.springframework.test.context.junit4.SpringJUnit4ClassRunner.runChild(SpringJUnit4ClassRunner.java:231)
	at org.springframework.test.context.junit4.SpringJUnit4ClassRunner.runChild(SpringJUnit4ClassRunner.java:88)
	at org.junit.runners.ParentRunner$3.run(ParentRunner.java:193)
	at org.junit.runners.ParentRunner$1.schedule(ParentRunner.java:52)
	at org.junit.runners.ParentRunner.runChildren(ParentRunner.java:191)
	at org.junit.runners.ParentRunner.access$000(ParentRunner.java:42)
	at org.junit.runners.ParentRunner$2.evaluate(ParentRunner.java:184)
	at org.springframework.test.context.junit4.statements.RunBeforeTestClassCallbacks.evaluate(RunBeforeTestClassCallbacks.java:61)
	at org.springframework.test.context.junit4.statements.RunAfterTestClassCallbacks.evaluate(RunAfterTestClassCallbacks.java:71)
	at org.junit.runners.ParentRunner.run(ParentRunner.java:236)
	at org.springframework.test.context.junit4.SpringJUnit4ClassRunner.run(SpringJUnit4ClassRunner.java:174)
	at org.apache.maven.surefire.junit4.JUnit4Provider.execute(JUnit4Provider.java:264)
	at org.apache.maven.surefire.junit4.JUnit4Provider.executeTestSet(JUnit4Provider.java:153)
	at org.apache.maven.surefire.junit4.JUnit4Provider.invoke(JUnit4Provider.java:124)
	at org.apache.maven.surefire.booter.ForkedBooter.invokeProviderInSameClassLoader(ForkedBooter.java:200)
	at org.apache.maven.surefire.booter.ForkedBooter.runSuitesInProcess(ForkedBooter.java:153)
	at org.apache.maven.surefire.booter.ForkedBooter.main(ForkedBooter.java:103)
]]></error>
    <system-out><![CDATA[09:13:32,765 DEBUG     org.hibernate.type.BasicTypeRegistry: 148 - Adding type registration boolean -> org.hibernate.type.BooleanType@907c4e
09:13:32,828 DEBUG     org.hibernate.type.BasicTypeRegistry: 148 - Adding type registration boolean -> org.hibernate.type.BooleanType@907c4e
09:13:32,828 DEBUG     org.hibernate.type.BasicTypeRegistry: 148 - Adding type registration java.lang.Boolean -> org.hibernate.type.BooleanType@907c4e
09:13:32,828 DEBUG     org.hibernate.type.BasicTypeRegistry: 148 - Adding type registration numeric_boolean -> org.hibernate.type.NumericBooleanType@19f0d93
09:13:32,843 DEBUG     org.hibernate.type.BasicTypeRegistry: 148 - Adding type registration true_false -> org.hibernate.type.TrueFalseType@13736c1
09:13:32,843 DEBUG     org.hibernate.type.BasicTypeRegistry: 148 - Adding type registration yes_no -> org.hibernate.type.YesNoType@10fd777
09:13:32,890 DEBUG     org.hibernate.type.BasicTypeRegistry: 148 - Adding type registration byte -> org.hibernate.type.ByteType@116f944
09:13:32,890 DEBUG     org.hibernate.type.BasicTypeRegistry: 148 - Adding type registration byte -> org.hibernate.type.ByteType@116f944
09:13:32,890 DEBUG     org.hibernate.type.BasicTypeRegistry: 148 - Adding type registration java.lang.Byte -> org.hibernate.type.ByteType@116f944
09:13:32,953 DEBUG     org.hibernate.type.BasicTypeRegistry: 148 - Adding type registration character -> org.hibernate.type.CharacterType@16ffc87
09:13:32,953 DEBUG     org.hibernate.type.BasicTypeRegistry: 148 - Adding type registration char -> org.hibernate.type.CharacterType@16ffc87
09:13:32,953 DEBUG     org.hibernate.type.BasicTypeRegistry: 148 - Adding type registration java.lang.Character -> org.hibernate.type.CharacterType@16ffc87
09:13:32,968 DEBUG     org.hibernate.type.BasicTypeRegistry: 148 - Adding type registration short -> org.hibernate.type.ShortType@1557fe4
09:13:32,968 DEBUG     org.hibernate.type.BasicTypeRegistry: 148 - Adding type registration short -> org.hibernate.type.ShortType@1557fe4
09:13:32,968 DEBUG     org.hibernate.type.BasicTypeRegistry: 148 - Adding type registration java.lang.Short -> org.hibernate.type.ShortType@1557fe4
09:13:33,031 DEBUG     org.hibernate.type.BasicTypeRegistry: 148 - Adding type registration integer -> org.hibernate.type.IntegerType@dbd726
09:13:33,031 DEBUG     org.hibernate.type.BasicTypeRegistry: 148 - Adding type registration int -> org.hibernate.type.IntegerType@dbd726
09:13:33,031 DEBUG     org.hibernate.type.BasicTypeRegistry: 148 - Adding type registration java.lang.Integer -> org.hibernate.type.IntegerType@dbd726
09:13:33,046 DEBUG     org.hibernate.type.BasicTypeRegistry: 148 - Adding type registration long -> org.hibernate.type.LongType@445dcf
09:13:33,046 DEBUG     org.hibernate.type.BasicTypeRegistry: 148 - Adding type registration long -> org.hibernate.type.LongType@445dcf
09:13:33,046 DEBUG     org.hibernate.type.BasicTypeRegistry: 148 - Adding type registration java.lang.Long -> org.hibernate.type.LongType@445dcf
09:13:33,062 DEBUG     org.hibernate.type.BasicTypeRegistry: 148 - Adding type registration float -> org.hibernate.type.FloatType@e95a72
09:13:33,062 DEBUG     org.hibernate.type.BasicTypeRegistry: 148 - Adding type registration float -> org.hibernate.type.FloatType@e95a72
09:13:33,062 DEBUG     org.hibernate.type.BasicTypeRegistry: 148 - Adding type registration java.lang.Float -> org.hibernate.type.FloatType@e95a72
09:13:33,078 DEBUG     org.hibernate.type.BasicTypeRegistry: 148 - Adding type registration double -> org.hibernate.type.DoubleType@26afff
09:13:33,078 DEBUG     org.hibernate.type.BasicTypeRegistry: 148 - Adding type registration double -> org.hibernate.type.DoubleType@26afff
09:13:33,078 DEBUG     org.hibernate.type.BasicTypeRegistry: 148 - Adding type registration java.lang.Double -> org.hibernate.type.DoubleType@26afff
09:13:33,093 DEBUG     org.hibernate.type.BasicTypeRegistry: 148 - Adding type registration big_decimal -> org.hibernate.type.BigDecimalType@115c34e
09:13:33,109 DEBUG     org.hibernate.type.BasicTypeRegistry: 148 - Adding type registration java.math.BigDecimal -> org.hibernate.type.BigDecimalType@115c34e
09:13:33,109 DEBUG     org.hibernate.type.BasicTypeRegistry: 148 - Adding type registration big_integer -> org.hibernate.type.BigIntegerType@1e42ee1
09:13:33,109 DEBUG     org.hibernate.type.BasicTypeRegistry: 148 - Adding type registration java.math.BigInteger -> org.hibernate.type.BigIntegerType@1e42ee1
09:13:33,109 DEBUG     org.hibernate.type.BasicTypeRegistry: 148 - Adding type registration string -> org.hibernate.type.StringType@85bab4
09:13:33,125 DEBUG     org.hibernate.type.BasicTypeRegistry: 148 - Adding type registration java.lang.String -> org.hibernate.type.StringType@85bab4
09:13:33,125 DEBUG     org.hibernate.type.BasicTypeRegistry: 148 - Adding type registration nstring -> org.hibernate.type.StringNVarcharType@1bc1982
09:13:33,125 DEBUG     org.hibernate.type.BasicTypeRegistry: 148 - Adding type registration ncharacter -> org.hibernate.type.CharacterNCharType@91e0a
09:13:33,125 DEBUG     org.hibernate.type.BasicTypeRegistry: 148 - Adding type registration url -> org.hibernate.type.UrlType@51e3be
09:13:33,125 DEBUG     org.hibernate.type.BasicTypeRegistry: 148 - Adding type registration java.net.URL -> org.hibernate.type.UrlType@51e3be
09:13:33,156 DEBUG     org.hibernate.type.BasicTypeRegistry: 148 - Adding type registration date -> org.hibernate.type.DateType@2613b
09:13:33,156 DEBUG     org.hibernate.type.BasicTypeRegistry: 148 - Adding type registration java.sql.Date -> org.hibernate.type.DateType@2613b
09:13:33,187 DEBUG     org.hibernate.type.BasicTypeRegistry: 148 - Adding type registration time -> org.hibernate.type.TimeType@96bfe3
09:13:33,187 DEBUG     org.hibernate.type.BasicTypeRegistry: 148 - Adding type registration java.sql.Time -> org.hibernate.type.TimeType@96bfe3
09:13:33,203 DEBUG     org.hibernate.type.BasicTypeRegistry: 148 - Adding type registration timestamp -> org.hibernate.type.TimestampType@17200ad
09:13:33,203 DEBUG     org.hibernate.type.BasicTypeRegistry: 148 - Adding type registration java.sql.Timestamp -> org.hibernate.type.TimestampType@17200ad
09:13:33,203 DEBUG     org.hibernate.type.BasicTypeRegistry: 148 - Adding type registration java.util.Date -> org.hibernate.type.TimestampType@17200ad
09:13:33,203 DEBUG     org.hibernate.type.BasicTypeRegistry: 148 - Adding type registration dbtimestamp -> org.hibernate.type.DbTimestampType@1e3853f
09:13:33,218 DEBUG     org.hibernate.type.BasicTypeRegistry: 148 - Adding type registration calendar -> org.hibernate.type.CalendarType@1d0258a
09:13:33,218 DEBUG     org.hibernate.type.BasicTypeRegistry: 148 - Adding type registration java.util.Calendar -> org.hibernate.type.CalendarType@1d0258a
09:13:33,218 DEBUG     org.hibernate.type.BasicTypeRegistry: 148 - Adding type registration java.util.GregorianCalendar -> org.hibernate.type.CalendarType@1d0258a
09:13:33,250 DEBUG     org.hibernate.type.BasicTypeRegistry: 148 - Adding type registration calendar_date -> org.hibernate.type.CalendarDateType@45ca53
09:13:33,250 DEBUG     org.hibernate.type.BasicTypeRegistry: 148 - Adding type registration locale -> org.hibernate.type.LocaleType@184d14e
09:13:33,250 DEBUG     org.hibernate.type.BasicTypeRegistry: 148 - Adding type registration java.util.Locale -> org.hibernate.type.LocaleType@184d14e
09:13:33,250 DEBUG     org.hibernate.type.BasicTypeRegistry: 148 - Adding type registration currency -> org.hibernate.type.CurrencyType@2baa00
09:13:33,250 DEBUG     org.hibernate.type.BasicTypeRegistry: 148 - Adding type registration java.util.Currency -> org.hibernate.type.CurrencyType@2baa00
09:13:33,265 DEBUG     org.hibernate.type.BasicTypeRegistry: 148 - Adding type registration timezone -> org.hibernate.type.TimeZoneType@1e0626e
09:13:33,265 DEBUG     org.hibernate.type.BasicTypeRegistry: 148 - Adding type registration java.util.TimeZone -> org.hibernate.type.TimeZoneType@1e0626e
09:13:33,265 DEBUG     org.hibernate.type.BasicTypeRegistry: 148 - Adding type registration class -> org.hibernate.type.ClassType@1d9a5bb
09:13:33,265 DEBUG     org.hibernate.type.BasicTypeRegistry: 148 - Adding type registration java.lang.Class -> org.hibernate.type.ClassType@1d9a5bb
09:13:33,281 DEBUG     org.hibernate.type.BasicTypeRegistry: 148 - Adding type registration uuid-binary -> org.hibernate.type.UUIDBinaryType@1ee6c3e
09:13:33,281 DEBUG     org.hibernate.type.BasicTypeRegistry: 148 - Adding type registration java.util.UUID -> org.hibernate.type.UUIDBinaryType@1ee6c3e
09:13:33,281 DEBUG     org.hibernate.type.BasicTypeRegistry: 148 - Adding type registration uuid-char -> org.hibernate.type.UUIDCharType@1b4299e
09:13:33,281 DEBUG     org.hibernate.type.BasicTypeRegistry: 148 - Adding type registration pg-uuid -> org.hibernate.type.PostgresUUIDType@10821d0
09:13:33,296 DEBUG     org.hibernate.type.BasicTypeRegistry: 148 - Adding type registration binary -> org.hibernate.type.BinaryType@1308ce5
09:13:33,296 DEBUG     org.hibernate.type.BasicTypeRegistry: 148 - Adding type registration byte[] -> org.hibernate.type.BinaryType@1308ce5
09:13:33,296 DEBUG     org.hibernate.type.BasicTypeRegistry: 148 - Adding type registration [B -> org.hibernate.type.BinaryType@1308ce5
09:13:33,312 DEBUG     org.hibernate.type.BasicTypeRegistry: 148 - Adding type registration wrapper-binary -> org.hibernate.type.WrapperBinaryType@10f4c5e
09:13:33,312 DEBUG     org.hibernate.type.BasicTypeRegistry: 148 - Adding type registration Byte[] -> org.hibernate.type.WrapperBinaryType@10f4c5e
09:13:33,312 DEBUG     org.hibernate.type.BasicTypeRegistry: 148 - Adding type registration [Ljava.lang.Byte; -> org.hibernate.type.WrapperBinaryType@10f4c5e
09:13:33,312 DEBUG     org.hibernate.type.BasicTypeRegistry: 148 - Adding type registration image -> org.hibernate.type.ImageType@e76fcc
09:13:33,312 DEBUG     org.hibernate.type.BasicTypeRegistry: 148 - Adding type registration characters -> org.hibernate.type.CharArrayType@6bc890
09:13:33,328 DEBUG     org.hibernate.type.BasicTypeRegistry: 148 - Adding type registration char[] -> org.hibernate.type.CharArrayType@6bc890
09:13:33,328 DEBUG     org.hibernate.type.BasicTypeRegistry: 148 - Adding type registration [C -> org.hibernate.type.CharArrayType@6bc890
09:13:33,328 DEBUG     org.hibernate.type.BasicTypeRegistry: 148 - Adding type registration wrapper-characters -> org.hibernate.type.CharacterArrayType@1250065
09:13:33,343 DEBUG     org.hibernate.type.BasicTypeRegistry: 148 - Adding type registration [Ljava.lang.Character; -> org.hibernate.type.CharacterArrayType@1250065
09:13:33,343 DEBUG     org.hibernate.type.BasicTypeRegistry: 148 - Adding type registration Character[] -> org.hibernate.type.CharacterArrayType@1250065
09:13:33,343 DEBUG     org.hibernate.type.BasicTypeRegistry: 148 - Adding type registration text -> org.hibernate.type.TextType@a2af21
09:13:33,343 DEBUG     org.hibernate.type.BasicTypeRegistry: 148 - Adding type registration ntext -> org.hibernate.type.NTextType@8a5356
09:13:33,375 DEBUG     org.hibernate.type.BasicTypeRegistry: 148 - Adding type registration blob -> org.hibernate.type.BlobType@e907ca
09:13:33,375 DEBUG     org.hibernate.type.BasicTypeRegistry: 148 - Adding type registration java.sql.Blob -> org.hibernate.type.BlobType@e907ca
09:13:33,375 DEBUG     org.hibernate.type.BasicTypeRegistry: 148 - Adding type registration materialized_blob -> org.hibernate.type.MaterializedBlobType@14a8824
09:13:33,406 DEBUG     org.hibernate.type.BasicTypeRegistry: 148 - Adding type registration clob -> org.hibernate.type.ClobType@8a16d7
09:13:33,406 DEBUG     org.hibernate.type.BasicTypeRegistry: 148 - Adding type registration java.sql.Clob -> org.hibernate.type.ClobType@8a16d7
09:13:33,437 DEBUG     org.hibernate.type.BasicTypeRegistry: 148 - Adding type registration nclob -> org.hibernate.type.NClobType@1e076f3
09:13:33,437 DEBUG     org.hibernate.type.BasicTypeRegistry: 148 - Adding type registration java.sql.NClob -> org.hibernate.type.NClobType@1e076f3
09:13:33,437 DEBUG     org.hibernate.type.BasicTypeRegistry: 148 - Adding type registration materialized_clob -> org.hibernate.type.MaterializedClobType@b8ec9a
09:13:33,437 DEBUG     org.hibernate.type.BasicTypeRegistry: 148 - Adding type registration materialized_nclob -> org.hibernate.type.MaterializedNClobType@ba30aa
09:13:33,453 DEBUG     org.hibernate.type.BasicTypeRegistry: 148 - Adding type registration serializable -> org.hibernate.type.SerializableType@ca5165
09:13:33,484 DEBUG     org.hibernate.type.BasicTypeRegistry: 148 - Adding type registration object -> org.hibernate.type.ObjectType@10f4a60
09:13:33,484 DEBUG     org.hibernate.type.BasicTypeRegistry: 148 - Adding type registration java.lang.Object -> org.hibernate.type.ObjectType@10f4a60
09:13:33,484 DEBUG     org.hibernate.type.BasicTypeRegistry: 148 - Adding type registration imm_date -> org.hibernate.type.AdaptedImmutableType@1420c81
09:13:33,484 DEBUG     org.hibernate.type.BasicTypeRegistry: 148 - Adding type registration imm_time -> org.hibernate.type.AdaptedImmutableType@1e7c7a3
09:13:33,484 DEBUG     org.hibernate.type.BasicTypeRegistry: 148 - Adding type registration imm_timestamp -> org.hibernate.type.AdaptedImmutableType@b9ac0c
09:13:33,484 DEBUG     org.hibernate.type.BasicTypeRegistry: 148 - Adding type registration imm_dbtimestamp -> org.hibernate.type.AdaptedImmutableType@af5951
09:13:33,484 DEBUG     org.hibernate.type.BasicTypeRegistry: 148 - Adding type registration imm_calendar -> org.hibernate.type.AdaptedImmutableType@f3ee57
09:13:33,484 DEBUG     org.hibernate.type.BasicTypeRegistry: 148 - Adding type registration imm_calendar_date -> org.hibernate.type.AdaptedImmutableType@1f5ad1c
09:13:33,484 DEBUG     org.hibernate.type.BasicTypeRegistry: 148 - Adding type registration imm_binary -> org.hibernate.type.AdaptedImmutableType@29e623
09:13:33,500 DEBUG     org.hibernate.type.BasicTypeRegistry: 148 - Adding type registration imm_serializable -> org.hibernate.type.AdaptedImmutableType@18b8e3b
09:13:33,625  INFO org.hibernate.annotations.common.Version:  37 - HCANN000001: Hibernate Commons Annotations {4.0.2.Final}
09:13:33,781  INFO                    org.hibernate.Version:  41 - HHH000412: Hibernate Core {4.2.2.Final}
09:13:33,875  INFO            org.hibernate.cfg.Environment: 239 - HHH000206: hibernate.properties not found
09:13:33,890  INFO            org.hibernate.cfg.Environment: 342 - HHH000021: Bytecode provider name : javassist
09:13:34,281  INFO          org.hibernate.cfg.Configuration: 470 - HHH000220: Reading mappings from file: d:\workspace-ccea\ccea-persistence\target\classes\META-INF\spring\Project.hbm.xml
09:13:34,671  WARN nate.internal.util.xml.DTDEntityResolver:  74 - HHH000223: Recognized obsolete hibernate namespace http://hibernate.sourceforge.net/. Use namespace http://www.hibernate.org/dtd/ instead. Refer to Hibernate 3.6 Migration Guide!
09:13:35,093  INFO          org.hibernate.cfg.Configuration: 470 - HHH000220: Reading mappings from file: d:\workspace-ccea\ccea-persistence\target\classes\META-INF\spring\User.hbm.xml
09:13:35,109  WARN nate.internal.util.xml.DTDEntityResolver:  74 - HHH000223: Recognized obsolete hibernate namespace http://hibernate.sourceforge.net/. Use namespace http://www.hibernate.org/dtd/ instead. Refer to Hibernate 3.6 Migration Guide!
09:13:35,250  INFO          org.hibernate.cfg.Configuration: 470 - HHH000220: Reading mappings from file: d:\workspace-ccea\ccea-persistence\target\classes\META-INF\spring\UserProject.hbm.xml
09:13:35,250  WARN nate.internal.util.xml.DTDEntityResolver:  74 - HHH000223: Recognized obsolete hibernate namespace http://hibernate.sourceforge.net/. Use namespace http://www.hibernate.org/dtd/ instead. Refer to Hibernate 3.6 Migration Guide!
09:13:38,531  WARN te.engine.jdbc.internal.JdbcServicesImpl: 169 - HHH000342: Could not obtain connection to query metadata : Communications link failure

The last packet sent successfully to the server was 0 milliseconds ago. The driver has not received any packets from the server.
09:13:38,609  INFO            org.hibernate.dialect.Dialect: 130 - HHH000400: Using dialect: org.hibernate.dialect.MySQL5InnoDBDialect
09:13:38,937  INFO e.engine.jdbc.internal.LobCreatorBuilder:  85 - HHH000422: Disabling contextual LOB creation as connection was null
09:13:39,515  INFO ion.internal.TransactionFactoryInitiator:  68 - HHH000399: Using default transaction strategy (direct JDBC transactions)
09:13:39,546  INFO l.internal.ast.ASTQueryTranslatorFactory:  48 - HHH000397: Using ASTQueryTranslatorFactory
09:13:39,734 TRACE           org.hibernate.type.TypeFactory:  71 - Scoping types to session factory org.hibernate.internal.SessionFactoryImpl@5da529
09:13:47,250  WARN rnate.engine.jdbc.spi.SqlExceptionHelper: 145 - SQL Error: 0, SQLState: 08S01
09:13:47,250 ERROR rnate.engine.jdbc.spi.SqlExceptionHelper: 147 - Communications link failure

The last packet sent successfully to the server was 0 milliseconds ago. The driver has not received any packets from the server.
]]></system-out>
    <system-err><![CDATA[SLF4J: Class path contains multiple SLF4J bindings.
SLF4J: Found binding in [jar:file:/d:/.m2/repository/org/slf4j/slf4j-simple/1.7.5/slf4j-simple-1.7.5.jar!/org/slf4j/impl/StaticLoggerBinder.class]
SLF4J: Found binding in [jar:file:/d:/.m2/repository/ch/qos/logback/logback-classic/1.0.0/logback-classic-1.0.0.jar!/org/slf4j/impl/StaticLoggerBinder.class]
SLF4J: See http://www.slf4j.org/codes.html#multiple_bindings for an explanation.
SLF4J: Actual binding is of type [org.slf4j.impl.SimpleLoggerFactory]
[main] INFO org.springframework.beans.factory.xml.XmlBeanDefinitionReader - Loading XML bean definitions from class path resource [META-INF/ExampleConfigurationTests-context.xml]
[main] INFO org.springframework.beans.factory.xml.XmlBeanDefinitionReader - Loading XML bean definitions from class path resource [META-INF/spring/app-context.xml]
[main] INFO org.springframework.context.annotation.ClassPathBeanDefinitionScanner - JSR-330 'javax.inject.Named' annotation found and supported for component scanning
[main] INFO org.springframework.context.support.GenericApplicationContext - Refreshing org.springframework.context.support.GenericApplicationContext@68d505: startup date [Tue Jan 21 09:13:28 GMT 2014]; root of context hierarchy
[main] INFO org.springframework.beans.factory.config.PropertyPlaceholderConfigurer - Loading properties file from class path resource [META-INF/spring/jdbc.properties]
[main] INFO org.springframework.beans.factory.annotation.AutowiredAnnotationBeanPostProcessor - JSR-330 'javax.inject.Inject' annotation found and supported for autowiring
[main] INFO org.springframework.beans.factory.support.DefaultListableBeanFactory - Pre-instantiating singletons in org.springframework.beans.factory.support.DefaultListableBeanFactory@17550b3: defining beans [projectDAO,userDAO,userProjectDAO,uiServiceManager,userReportManager,reportService,org.springframework.context.annotation.internalConfigurationAnnotationProcessor,org.springframework.context.annotation.internalAutowiredAnnotationProcessor,org.springframework.context.annotation.internalRequiredAnnotationProcessor,org.springframework.context.annotation.internalCommonAnnotationProcessor,org.springframework.context.annotation.internalPersistenceAnnotationProcessor,propertyConfigurer,dataSource,sessionFactory,org.springframework.aop.config.internalAutoProxyCreator,org.springframework.transaction.annotation.AnnotationTransactionAttributeSource#0,org.springframework.transaction.interceptor.TransactionInterceptor#0,org.springframework.transaction.config.internalTransactionAdvisor,transactionManager,org.springframework.context.annotation.ConfigurationClassPostProcessor.importAwareProcessor]; root of factory hierarchy
[main] INFO org.hibernate.validator.util.Version - Hibernate Validator 4.2.0.Final
[main] INFO org.springframework.orm.hibernate4.HibernateTransactionManager - Using DataSource [org.apache.commons.dbcp.BasicDataSource@1b17cc0] of Hibernate SessionFactory for HibernateTransactionManager
[main] WARN org.springframework.test.context.TestContextManager - Caught exception while allowing TestExecutionListener [org.springframework.test.context.transaction.TransactionalTestExecutionListener@f819ee] to process 'before' execution of test method [public void com.ccea.persistence.CceaCrudTests.testCRUDOperations() throws java.lang.Exception] for test instance [com.ccea.persistence.CceaCrudTests@6e7daf]
org.springframework.transaction.CannotCreateTransactionException: Could not open Hibernate Session for transaction; nested exception is org.hibernate.exception.JDBCConnectionException: Could not open connection
	at org.springframework.orm.hibernate4.HibernateTransactionManager.doBegin(HibernateTransactionManager.java:514)
	at org.springframework.transaction.support.AbstractPlatformTransactionManager.getTransaction(AbstractPlatformTransactionManager.java:372)
	at org.springframework.test.context.transaction.TransactionalTestExecutionListener$TransactionContext.startTransaction(TransactionalTestExecutionListener.java:583)
	at org.springframework.test.context.transaction.TransactionalTestExecutionListener.startNewTransaction(TransactionalTestExecutionListener.java:276)
	at org.springframework.test.context.transaction.TransactionalTestExecutionListener.beforeTestMethod(TransactionalTestExecutionListener.java:171)
	at org.springframework.test.context.TestContextManager.beforeTestMethod(TestContextManager.java:348)
	at org.springframework.test.context.junit4.statements.RunBeforeTestMethodCallbacks.evaluate(RunBeforeTestMethodCallbacks.java:73)
	at org.springframework.test.context.junit4.statements.RunAfterTestMethodCallbacks.evaluate(RunAfterTestMethodCallbacks.java:83)
	at org.springframework.test.context.junit4.statements.SpringRepeat.evaluate(SpringRepeat.java:72)
	at org.springframework.test.context.junit4.SpringJUnit4ClassRunner.runChild(SpringJUnit4ClassRunner.java:231)
	at org.springframework.test.context.junit4.SpringJUnit4ClassRunner.runChild(SpringJUnit4ClassRunner.java:88)
	at org.junit.runners.ParentRunner$3.run(ParentRunner.java:193)
	at org.junit.runners.ParentRunner$1.schedule(ParentRunner.java:52)
	at org.junit.runners.ParentRunner.runChildren(ParentRunner.java:191)
	at org.junit.runners.ParentRunner.access$000(ParentRunner.java:42)
	at org.junit.runners.ParentRunner$2.evaluate(ParentRunner.java:184)
	at org.springframework.test.context.junit4.statements.RunBeforeTestClassCallbacks.evaluate(RunBeforeTestClassCallbacks.java:61)
	at org.springframework.test.context.junit4.statements.RunAfterTestClassCallbacks.evaluate(RunAfterTestClassCallbacks.java:71)
	at org.junit.runners.ParentRunner.run(ParentRunner.java:236)
	at org.springframework.test.context.junit4.SpringJUnit4ClassRunner.run(SpringJUnit4ClassRunner.java:174)
	at org.apache.maven.surefire.junit4.JUnit4Provider.execute(JUnit4Provider.java:264)
	at org.apache.maven.surefire.junit4.JUnit4Provider.executeTestSet(JUnit4Provider.java:153)
	at org.apache.maven.surefire.junit4.JUnit4Provider.invoke(JUnit4Provider.java:124)
	at org.apache.maven.surefire.booter.ForkedBooter.invokeProviderInSameClassLoader(ForkedBooter.java:200)
	at org.apache.maven.surefire.booter.ForkedBooter.runSuitesInProcess(ForkedBooter.java:153)
	at org.apache.maven.surefire.booter.ForkedBooter.main(ForkedBooter.java:103)
Caused by: org.hibernate.exception.JDBCConnectionException: Could not open connection
	at org.hibernate.exception.internal.SQLStateConversionDelegate.convert(SQLStateConversionDelegate.java:132)
	at org.hibernate.exception.internal.StandardSQLExceptionConverter.convert(StandardSQLExceptionConverter.java:49)
	at org.hibernate.engine.jdbc.spi.SqlExceptionHelper.convert(SqlExceptionHelper.java:125)
	at org.hibernate.engine.jdbc.spi.SqlExceptionHelper.convert(SqlExceptionHelper.java:110)
	at org.hibernate.engine.jdbc.internal.LogicalConnectionImpl.obtainConnection(LogicalConnectionImpl.java:221)
	at org.hibernate.engine.jdbc.internal.LogicalConnectionImpl.getConnection(LogicalConnectionImpl.java:157)
	at org.hibernate.internal.SessionImpl.connection(SessionImpl.java:550)
	at org.springframework.orm.hibernate4.HibernateTransactionManager.doBegin(HibernateTransactionManager.java:428)
	... 25 more
Caused by: com.mysql.jdbc.exceptions.jdbc4.CommunicationsException: Communications link failure

The last packet sent successfully to the server was 0 milliseconds ago. The driver has not received any packets from the server.
	at sun.reflect.NativeConstructorAccessorImpl.newInstance0(Native Method)
	at sun.reflect.NativeConstructorAccessorImpl.newInstance(NativeConstructorAccessorImpl.java:57)
	at sun.reflect.DelegatingConstructorAccessorImpl.newInstance(DelegatingConstructorAccessorImpl.java:45)
	at java.lang.reflect.Constructor.newInstance(Constructor.java:526)
	at com.mysql.jdbc.Util.handleNewInstance(Util.java:411)
	at com.mysql.jdbc.SQLError.createCommunicationsException(SQLError.java:1129)
	at com.mysql.jdbc.MysqlIO.<init>(MysqlIO.java:358)
	at com.mysql.jdbc.ConnectionImpl.coreConnect(ConnectionImpl.java:2489)
	at com.mysql.jdbc.ConnectionImpl.connectOneTryOnly(ConnectionImpl.java:2526)
	at com.mysql.jdbc.ConnectionImpl.createNewIO(ConnectionImpl.java:2311)
	at com.mysql.jdbc.ConnectionImpl.<init>(ConnectionImpl.java:834)
	at com.mysql.jdbc.JDBC4Connection.<init>(JDBC4Connection.java:47)
	at sun.reflect.NativeConstructorAccessorImpl.newInstance0(Native Method)
	at sun.reflect.NativeConstructorAccessorImpl.newInstance(NativeConstructorAccessorImpl.java:57)
	at sun.reflect.DelegatingConstructorAccessorImpl.newInstance(DelegatingConstructorAccessorImpl.java:45)
	at java.lang.reflect.Constructor.newInstance(Constructor.java:526)
	at com.mysql.jdbc.Util.handleNewInstance(Util.java:411)
	at com.mysql.jdbc.ConnectionImpl.getInstance(ConnectionImpl.java:416)
	at com.mysql.jdbc.NonRegisteringDriver.connect(NonRegisteringDriver.java:347)
	at org.apache.commons.dbcp.DriverConnectionFactory.createConnection(DriverConnectionFactory.java:82)
	at org.apache.commons.dbcp.PoolableConnectionFactory.makeObject(PoolableConnectionFactory.java:256)
	at org.apache.commons.pool.impl.GenericObjectPool.borrowObject(GenericObjectPool.java:816)
	at org.apache.commons.dbcp.PoolingDataSource.getConnection(PoolingDataSource.java:115)
	at org.apache.commons.dbcp.BasicDataSource.getConnection(BasicDataSource.java:430)
	at org.hibernate.service.jdbc.connections.internal.DatasourceConnectionProviderImpl.getConnection(DatasourceConnectionProviderImpl.java:141)
	at org.hibernate.internal.AbstractSessionImpl$NonContextualJdbcConnectionAccess.obtainConnection(AbstractSessionImpl.java:292)
	at org.hibernate.engine.jdbc.internal.LogicalConnectionImpl.obtainConnection(LogicalConnectionImpl.java:214)
	... 28 more
Caused by: java.net.ConnectException: Connection refused: connect
	at java.net.TwoStacksPlainSocketImpl.socketConnect(Native Method)
	at java.net.AbstractPlainSocketImpl.doConnect(AbstractPlainSocketImpl.java:339)
	at java.net.AbstractPlainSocketImpl.connectToAddress(AbstractPlainSocketImpl.java:200)
	at java.net.AbstractPlainSocketImpl.connect(AbstractPlainSocketImpl.java:182)
	at java.net.PlainSocketImpl.connect(PlainSocketImpl.java:172)
	at java.net.SocksSocketImpl.connect(SocksSocketImpl.java:392)
	at java.net.Socket.connect(Socket.java:579)
	at java.net.Socket.connect(Socket.java:528)
	at java.net.Socket.<init>(Socket.java:425)
	at java.net.Socket.<init>(Socket.java:241)
	at com.mysql.jdbc.StandardSocketFactory.connect(StandardSocketFactory.java:256)
	at com.mysql.jdbc.MysqlIO.<init>(MysqlIO.java:308)
	... 48 more
]]></system-err>
  </testcase>
  <testcase name="testUserProjectCrud" classname="com.ccea.persistence.CceaCrudTests" time="1.047">
    <error message="Could not open Hibernate Session for transaction; nested exception is org.hibernate.exception.JDBCConnectionException: Could not open connection" type="org.springframework.transaction.CannotCreateTransactionException"><![CDATA[org.springframework.transaction.CannotCreateTransactionException: Could not open Hibernate Session for transaction; nested exception is org.hibernate.exception.JDBCConnectionException: Could not open connection
	at org.springframework.orm.hibernate4.HibernateTransactionManager.doBegin(HibernateTransactionManager.java:514)
	at org.springframework.transaction.support.AbstractPlatformTransactionManager.getTransaction(AbstractPlatformTransactionManager.java:372)
	at org.springframework.test.context.transaction.TransactionalTestExecutionListener$TransactionContext.startTransaction(TransactionalTestExecutionListener.java:583)
	at org.springframework.test.context.transaction.TransactionalTestExecutionListener.startNewTransaction(TransactionalTestExecutionListener.java:276)
	at org.springframework.test.context.transaction.TransactionalTestExecutionListener.beforeTestMethod(TransactionalTestExecutionListener.java:171)
	at org.springframework.test.context.TestContextManager.beforeTestMethod(TestContextManager.java:348)
	at org.springframework.test.context.junit4.statements.RunBeforeTestMethodCallbacks.evaluate(RunBeforeTestMethodCallbacks.java:73)
	at org.springframework.test.context.junit4.statements.RunAfterTestMethodCallbacks.evaluate(RunAfterTestMethodCallbacks.java:83)
	at org.springframework.test.context.junit4.statements.SpringRepeat.evaluate(SpringRepeat.java:72)
	at org.springframework.test.context.junit4.SpringJUnit4ClassRunner.runChild(SpringJUnit4ClassRunner.java:231)
	at org.springframework.test.context.junit4.SpringJUnit4ClassRunner.runChild(SpringJUnit4ClassRunner.java:88)
	at org.junit.runners.ParentRunner$3.run(ParentRunner.java:193)
	at org.junit.runners.ParentRunner$1.schedule(ParentRunner.java:52)
	at org.junit.runners.ParentRunner.runChildren(ParentRunner.java:191)
	at org.junit.runners.ParentRunner.access$000(ParentRunner.java:42)
	at org.junit.runners.ParentRunner$2.evaluate(ParentRunner.java:184)
	at org.springframework.test.context.junit4.statements.RunBeforeTestClassCallbacks.evaluate(RunBeforeTestClassCallbacks.java:61)
	at org.springframework.test.context.junit4.statements.RunAfterTestClassCallbacks.evaluate(RunAfterTestClassCallbacks.java:71)
	at org.junit.runners.ParentRunner.run(ParentRunner.java:236)
	at org.springframework.test.context.junit4.SpringJUnit4ClassRunner.run(SpringJUnit4ClassRunner.java:174)
	at org.apache.maven.surefire.junit4.JUnit4Provider.execute(JUnit4Provider.java:264)
	at org.apache.maven.surefire.junit4.JUnit4Provider.executeTestSet(JUnit4Provider.java:153)
	at org.apache.maven.surefire.junit4.JUnit4Provider.invoke(JUnit4Provider.java:124)
	at org.apache.maven.surefire.booter.ForkedBooter.invokeProviderInSameClassLoader(ForkedBooter.java:200)
	at org.apache.maven.surefire.booter.ForkedBooter.runSuitesInProcess(ForkedBooter.java:153)
	at org.apache.maven.surefire.booter.ForkedBooter.main(ForkedBooter.java:103)
Caused by: org.hibernate.exception.JDBCConnectionException: Could not open connection
	at org.hibernate.exception.internal.SQLStateConversionDelegate.convert(SQLStateConversionDelegate.java:132)
	at org.hibernate.exception.internal.StandardSQLExceptionConverter.convert(StandardSQLExceptionConverter.java:49)
	at org.hibernate.engine.jdbc.spi.SqlExceptionHelper.convert(SqlExceptionHelper.java:125)
	at org.hibernate.engine.jdbc.spi.SqlExceptionHelper.convert(SqlExceptionHelper.java:110)
	at org.hibernate.engine.jdbc.internal.LogicalConnectionImpl.obtainConnection(LogicalConnectionImpl.java:221)
	at org.hibernate.engine.jdbc.internal.LogicalConnectionImpl.getConnection(LogicalConnectionImpl.java:157)
	at org.hibernate.internal.SessionImpl.connection(SessionImpl.java:550)
	at org.springframework.orm.hibernate4.HibernateTransactionManager.doBegin(HibernateTransactionManager.java:428)
	at org.springframework.transaction.support.AbstractPlatformTransactionManager.getTransaction(AbstractPlatformTransactionManager.java:372)
	at org.springframework.test.context.transaction.TransactionalTestExecutionListener$TransactionContext.startTransaction(TransactionalTestExecutionListener.java:583)
	at org.springframework.test.context.transaction.TransactionalTestExecutionListener.startNewTransaction(TransactionalTestExecutionListener.java:276)
	at org.springframework.test.context.transaction.TransactionalTestExecutionListener.beforeTestMethod(TransactionalTestExecutionListener.java:171)
	at org.springframework.test.context.TestContextManager.beforeTestMethod(TestContextManager.java:348)
	at org.springframework.test.context.junit4.statements.RunBeforeTestMethodCallbacks.evaluate(RunBeforeTestMethodCallbacks.java:73)
	at org.springframework.test.context.junit4.statements.RunAfterTestMethodCallbacks.evaluate(RunAfterTestMethodCallbacks.java:83)
	at org.springframework.test.context.junit4.statements.SpringRepeat.evaluate(SpringRepeat.java:72)
	at org.springframework.test.context.junit4.SpringJUnit4ClassRunner.runChild(SpringJUnit4ClassRunner.java:231)
	at org.springframework.test.context.junit4.SpringJUnit4ClassRunner.runChild(SpringJUnit4ClassRunner.java:88)
	at org.junit.runners.ParentRunner$3.run(ParentRunner.java:193)
	at org.junit.runners.ParentRunner$1.schedule(ParentRunner.java:52)
	at org.junit.runners.ParentRunner.runChildren(ParentRunner.java:191)
	at org.junit.runners.ParentRunner.access$000(ParentRunner.java:42)
	at org.junit.runners.ParentRunner$2.evaluate(ParentRunner.java:184)
	at org.springframework.test.context.junit4.statements.RunBeforeTestClassCallbacks.evaluate(RunBeforeTestClassCallbacks.java:61)
	at org.springframework.test.context.junit4.statements.RunAfterTestClassCallbacks.evaluate(RunAfterTestClassCallbacks.java:71)
	at org.junit.runners.ParentRunner.run(ParentRunner.java:236)
	at org.springframework.test.context.junit4.SpringJUnit4ClassRunner.run(SpringJUnit4ClassRunner.java:174)
	at org.apache.maven.surefire.junit4.JUnit4Provider.execute(JUnit4Provider.java:264)
	at org.apache.maven.surefire.junit4.JUnit4Provider.executeTestSet(JUnit4Provider.java:153)
	at org.apache.maven.surefire.junit4.JUnit4Provider.invoke(JUnit4Provider.java:124)
	at org.apache.maven.surefire.booter.ForkedBooter.invokeProviderInSameClassLoader(ForkedBooter.java:200)
	at org.apache.maven.surefire.booter.ForkedBooter.runSuitesInProcess(ForkedBooter.java:153)
	at org.apache.maven.surefire.booter.ForkedBooter.main(ForkedBooter.java:103)
Caused by: com.mysql.jdbc.exceptions.jdbc4.CommunicationsException: Communications link failure

The last packet sent successfully to the server was 0 milliseconds ago. The driver has not received any packets from the server.
	at sun.reflect.NativeConstructorAccessorImpl.newInstance0(Native Method)
	at sun.reflect.NativeConstructorAccessorImpl.newInstance(NativeConstructorAccessorImpl.java:57)
	at sun.reflect.DelegatingConstructorAccessorImpl.newInstance(DelegatingConstructorAccessorImpl.java:45)
	at java.lang.reflect.Constructor.newInstance(Constructor.java:526)
	at com.mysql.jdbc.Util.handleNewInstance(Util.java:411)
	at com.mysql.jdbc.SQLError.createCommunicationsException(SQLError.java:1129)
	at com.mysql.jdbc.MysqlIO.<init>(MysqlIO.java:358)
	at com.mysql.jdbc.ConnectionImpl.coreConnect(ConnectionImpl.java:2489)
	at com.mysql.jdbc.ConnectionImpl.connectOneTryOnly(ConnectionImpl.java:2526)
	at com.mysql.jdbc.ConnectionImpl.createNewIO(ConnectionImpl.java:2311)
	at com.mysql.jdbc.ConnectionImpl.<init>(ConnectionImpl.java:834)
	at com.mysql.jdbc.JDBC4Connection.<init>(JDBC4Connection.java:47)
	at sun.reflect.NativeConstructorAccessorImpl.newInstance0(Native Method)
	at sun.reflect.NativeConstructorAccessorImpl.newInstance(NativeConstructorAccessorImpl.java:57)
	at sun.reflect.DelegatingConstructorAccessorImpl.newInstance(DelegatingConstructorAccessorImpl.java:45)
	at java.lang.reflect.Constructor.newInstance(Constructor.java:526)
	at com.mysql.jdbc.Util.handleNewInstance(Util.java:411)
	at com.mysql.jdbc.ConnectionImpl.getInstance(ConnectionImpl.java:416)
	at com.mysql.jdbc.NonRegisteringDriver.connect(NonRegisteringDriver.java:347)
	at org.apache.commons.dbcp.DriverConnectionFactory.createConnection(DriverConnectionFactory.java:82)
	at org.apache.commons.dbcp.PoolableConnectionFactory.makeObject(PoolableConnectionFactory.java:256)
	at org.apache.commons.pool.impl.GenericObjectPool.borrowObject(GenericObjectPool.java:816)
	at org.apache.commons.dbcp.PoolingDataSource.getConnection(PoolingDataSource.java:115)
	at org.apache.commons.dbcp.BasicDataSource.getConnection(BasicDataSource.java:430)
	at org.hibernate.service.jdbc.connections.internal.DatasourceConnectionProviderImpl.getConnection(DatasourceConnectionProviderImpl.java:141)
	at org.hibernate.internal.AbstractSessionImpl$NonContextualJdbcConnectionAccess.obtainConnection(AbstractSessionImpl.java:292)
	at org.hibernate.engine.jdbc.internal.LogicalConnectionImpl.obtainConnection(LogicalConnectionImpl.java:214)
	at org.hibernate.engine.jdbc.internal.LogicalConnectionImpl.getConnection(LogicalConnectionImpl.java:157)
	at org.hibernate.internal.SessionImpl.connection(SessionImpl.java:550)
	at org.springframework.orm.hibernate4.HibernateTransactionManager.doBegin(HibernateTransactionManager.java:428)
	at org.springframework.transaction.support.AbstractPlatformTransactionManager.getTransaction(AbstractPlatformTransactionManager.java:372)
	at org.springframework.test.context.transaction.TransactionalTestExecutionListener$TransactionContext.startTransaction(TransactionalTestExecutionListener.java:583)
	at org.springframework.test.context.transaction.TransactionalTestExecutionListener.startNewTransaction(TransactionalTestExecutionListener.java:276)
	at org.springframework.test.context.transaction.TransactionalTestExecutionListener.beforeTestMethod(TransactionalTestExecutionListener.java:171)
	at org.springframework.test.context.TestContextManager.beforeTestMethod(TestContextManager.java:348)
	at org.springframework.test.context.junit4.statements.RunBeforeTestMethodCallbacks.evaluate(RunBeforeTestMethodCallbacks.java:73)
	at org.springframework.test.context.junit4.statements.RunAfterTestMethodCallbacks.evaluate(RunAfterTestMethodCallbacks.java:83)
	at org.springframework.test.context.junit4.statements.SpringRepeat.evaluate(SpringRepeat.java:72)
	at org.springframework.test.context.junit4.SpringJUnit4ClassRunner.runChild(SpringJUnit4ClassRunner.java:231)
	at org.springframework.test.context.junit4.SpringJUnit4ClassRunner.runChild(SpringJUnit4ClassRunner.java:88)
	at org.junit.runners.ParentRunner$3.run(ParentRunner.java:193)
	at org.junit.runners.ParentRunner$1.schedule(ParentRunner.java:52)
	at org.junit.runners.ParentRunner.runChildren(ParentRunner.java:191)
	at org.junit.runners.ParentRunner.access$000(ParentRunner.java:42)
	at org.junit.runners.ParentRunner$2.evaluate(ParentRunner.java:184)
	at org.springframework.test.context.junit4.statements.RunBeforeTestClassCallbacks.evaluate(RunBeforeTestClassCallbacks.java:61)
	at org.springframework.test.context.junit4.statements.RunAfterTestClassCallbacks.evaluate(RunAfterTestClassCallbacks.java:71)
	at org.junit.runners.ParentRunner.run(ParentRunner.java:236)
	at org.springframework.test.context.junit4.SpringJUnit4ClassRunner.run(SpringJUnit4ClassRunner.java:174)
	at org.apache.maven.surefire.junit4.JUnit4Provider.execute(JUnit4Provider.java:264)
	at org.apache.maven.surefire.junit4.JUnit4Provider.executeTestSet(JUnit4Provider.java:153)
	at org.apache.maven.surefire.junit4.JUnit4Provider.invoke(JUnit4Provider.java:124)
	at org.apache.maven.surefire.booter.ForkedBooter.invokeProviderInSameClassLoader(ForkedBooter.java:200)
	at org.apache.maven.surefire.booter.ForkedBooter.runSuitesInProcess(ForkedBooter.java:153)
	at org.apache.maven.surefire.booter.ForkedBooter.main(ForkedBooter.java:103)
Caused by: java.net.ConnectException: Connection refused: connect
	at java.net.TwoStacksPlainSocketImpl.socketConnect(Native Method)
	at java.net.AbstractPlainSocketImpl.doConnect(AbstractPlainSocketImpl.java:339)
	at java.net.AbstractPlainSocketImpl.connectToAddress(AbstractPlainSocketImpl.java:200)
	at java.net.AbstractPlainSocketImpl.connect(AbstractPlainSocketImpl.java:182)
	at java.net.PlainSocketImpl.connect(PlainSocketImpl.java:172)
	at java.net.SocksSocketImpl.connect(SocksSocketImpl.java:392)
	at java.net.Socket.connect(Socket.java:579)
	at java.net.Socket.connect(Socket.java:528)
	at java.net.Socket.<init>(Socket.java:425)
	at java.net.Socket.<init>(Socket.java:241)
	at com.mysql.jdbc.StandardSocketFactory.connect(StandardSocketFactory.java:256)
	at com.mysql.jdbc.MysqlIO.<init>(MysqlIO.java:308)
	at com.mysql.jdbc.ConnectionImpl.coreConnect(ConnectionImpl.java:2489)
	at com.mysql.jdbc.ConnectionImpl.connectOneTryOnly(ConnectionImpl.java:2526)
	at com.mysql.jdbc.ConnectionImpl.createNewIO(ConnectionImpl.java:2311)
	at com.mysql.jdbc.ConnectionImpl.<init>(ConnectionImpl.java:834)
	at com.mysql.jdbc.JDBC4Connection.<init>(JDBC4Connection.java:47)
	at sun.reflect.NativeConstructorAccessorImpl.newInstance0(Native Method)
	at sun.reflect.NativeConstructorAccessorImpl.newInstance(NativeConstructorAccessorImpl.java:57)
	at sun.reflect.DelegatingConstructorAccessorImpl.newInstance(DelegatingConstructorAccessorImpl.java:45)
	at java.lang.reflect.Constructor.newInstance(Constructor.java:526)
	at com.mysql.jdbc.Util.handleNewInstance(Util.java:411)
	at com.mysql.jdbc.ConnectionImpl.getInstance(ConnectionImpl.java:416)
	at com.mysql.jdbc.NonRegisteringDriver.connect(NonRegisteringDriver.java:347)
	at org.apache.commons.dbcp.DriverConnectionFactory.createConnection(DriverConnectionFactory.java:82)
	at org.apache.commons.dbcp.PoolableConnectionFactory.makeObject(PoolableConnectionFactory.java:256)
	at org.apache.commons.pool.impl.GenericObjectPool.borrowObject(GenericObjectPool.java:816)
	at org.apache.commons.dbcp.PoolingDataSource.getConnection(PoolingDataSource.java:115)
	at org.apache.commons.dbcp.BasicDataSource.getConnection(BasicDataSource.java:430)
	at org.hibernate.service.jdbc.connections.internal.DatasourceConnectionProviderImpl.getConnection(DatasourceConnectionProviderImpl.java:141)
	at org.hibernate.internal.AbstractSessionImpl$NonContextualJdbcConnectionAccess.obtainConnection(AbstractSessionImpl.java:292)
	at org.hibernate.engine.jdbc.internal.LogicalConnectionImpl.obtainConnection(LogicalConnectionImpl.java:214)
	at org.hibernate.engine.jdbc.internal.LogicalConnectionImpl.getConnection(LogicalConnectionImpl.java:157)
	at org.hibernate.internal.SessionImpl.connection(SessionImpl.java:550)
	at org.springframework.orm.hibernate4.HibernateTransactionManager.doBegin(HibernateTransactionManager.java:428)
	at org.springframework.transaction.support.AbstractPlatformTransactionManager.getTransaction(AbstractPlatformTransactionManager.java:372)
	at org.springframework.test.context.transaction.TransactionalTestExecutionListener$TransactionContext.startTransaction(TransactionalTestExecutionListener.java:583)
	at org.springframework.test.context.transaction.TransactionalTestExecutionListener.startNewTransaction(TransactionalTestExecutionListener.java:276)
	at org.springframework.test.context.transaction.TransactionalTestExecutionListener.beforeTestMethod(TransactionalTestExecutionListener.java:171)
	at org.springframework.test.context.TestContextManager.beforeTestMethod(TestContextManager.java:348)
	at org.springframework.test.context.junit4.statements.RunBeforeTestMethodCallbacks.evaluate(RunBeforeTestMethodCallbacks.java:73)
	at org.springframework.test.context.junit4.statements.RunAfterTestMethodCallbacks.evaluate(RunAfterTestMethodCallbacks.java:83)
	at org.springframework.test.context.junit4.statements.SpringRepeat.evaluate(SpringRepeat.java:72)
	at org.springframework.test.context.junit4.SpringJUnit4ClassRunner.runChild(SpringJUnit4ClassRunner.java:231)
	at org.springframework.test.context.junit4.SpringJUnit4ClassRunner.runChild(SpringJUnit4ClassRunner.java:88)
	at org.junit.runners.ParentRunner$3.run(ParentRunner.java:193)
	at org.junit.runners.ParentRunner$1.schedule(ParentRunner.java:52)
	at org.junit.runners.ParentRunner.runChildren(ParentRunner.java:191)
	at org.junit.runners.ParentRunner.access$000(ParentRunner.java:42)
	at org.junit.runners.ParentRunner$2.evaluate(ParentRunner.java:184)
	at org.springframework.test.context.junit4.statements.RunBeforeTestClassCallbacks.evaluate(RunBeforeTestClassCallbacks.java:61)
	at org.springframework.test.context.junit4.statements.RunAfterTestClassCallbacks.evaluate(RunAfterTestClassCallbacks.java:71)
	at org.junit.runners.ParentRunner.run(ParentRunner.java:236)
	at org.springframework.test.context.junit4.SpringJUnit4ClassRunner.run(SpringJUnit4ClassRunner.java:174)
	at org.apache.maven.surefire.junit4.JUnit4Provider.execute(JUnit4Provider.java:264)
	at org.apache.maven.surefire.junit4.JUnit4Provider.executeTestSet(JUnit4Provider.java:153)
	at org.apache.maven.surefire.junit4.JUnit4Provider.invoke(JUnit4Provider.java:124)
	at org.apache.maven.surefire.booter.ForkedBooter.invokeProviderInSameClassLoader(ForkedBooter.java:200)
	at org.apache.maven.surefire.booter.ForkedBooter.runSuitesInProcess(ForkedBooter.java:153)
	at org.apache.maven.surefire.booter.ForkedBooter.main(ForkedBooter.java:103)
]]></error>
    <system-out><![CDATA[09:13:48,453  WARN rnate.engine.jdbc.spi.SqlExceptionHelper: 145 - SQL Error: 0, SQLState: 08S01
09:13:48,453 ERROR rnate.engine.jdbc.spi.SqlExceptionHelper: 147 - Communications link failure

The last packet sent successfully to the server was 0 milliseconds ago. The driver has not received any packets from the server.
]]></system-out>
    <system-err><![CDATA[[main] WARN org.springframework.test.context.TestContextManager - Caught exception while allowing TestExecutionListener [org.springframework.test.context.transaction.TransactionalTestExecutionListener@f819ee] to process 'before' execution of test method [public void com.ccea.persistence.CceaCrudTests.testUserProjectCrud()] for test instance [com.ccea.persistence.CceaCrudTests@198a2f]
org.springframework.transaction.CannotCreateTransactionException: Could not open Hibernate Session for transaction; nested exception is org.hibernate.exception.JDBCConnectionException: Could not open connection
	at org.springframework.orm.hibernate4.HibernateTransactionManager.doBegin(HibernateTransactionManager.java:514)
	at org.springframework.transaction.support.AbstractPlatformTransactionManager.getTransaction(AbstractPlatformTransactionManager.java:372)
	at org.springframework.test.context.transaction.TransactionalTestExecutionListener$TransactionContext.startTransaction(TransactionalTestExecutionListener.java:583)
	at org.springframework.test.context.transaction.TransactionalTestExecutionListener.startNewTransaction(TransactionalTestExecutionListener.java:276)
	at org.springframework.test.context.transaction.TransactionalTestExecutionListener.beforeTestMethod(TransactionalTestExecutionListener.java:171)
	at org.springframework.test.context.TestContextManager.beforeTestMethod(TestContextManager.java:348)
	at org.springframework.test.context.junit4.statements.RunBeforeTestMethodCallbacks.evaluate(RunBeforeTestMethodCallbacks.java:73)
	at org.springframework.test.context.junit4.statements.RunAfterTestMethodCallbacks.evaluate(RunAfterTestMethodCallbacks.java:83)
	at org.springframework.test.context.junit4.statements.SpringRepeat.evaluate(SpringRepeat.java:72)
	at org.springframework.test.context.junit4.SpringJUnit4ClassRunner.runChild(SpringJUnit4ClassRunner.java:231)
	at org.springframework.test.context.junit4.SpringJUnit4ClassRunner.runChild(SpringJUnit4ClassRunner.java:88)
	at org.junit.runners.ParentRunner$3.run(ParentRunner.java:193)
	at org.junit.runners.ParentRunner$1.schedule(ParentRunner.java:52)
	at org.junit.runners.ParentRunner.runChildren(ParentRunner.java:191)
	at org.junit.runners.ParentRunner.access$000(ParentRunner.java:42)
	at org.junit.runners.ParentRunner$2.evaluate(ParentRunner.java:184)
	at org.springframework.test.context.junit4.statements.RunBeforeTestClassCallbacks.evaluate(RunBeforeTestClassCallbacks.java:61)
	at org.springframework.test.context.junit4.statements.RunAfterTestClassCallbacks.evaluate(RunAfterTestClassCallbacks.java:71)
	at org.junit.runners.ParentRunner.run(ParentRunner.java:236)
	at org.springframework.test.context.junit4.SpringJUnit4ClassRunner.run(SpringJUnit4ClassRunner.java:174)
	at org.apache.maven.surefire.junit4.JUnit4Provider.execute(JUnit4Provider.java:264)
	at org.apache.maven.surefire.junit4.JUnit4Provider.executeTestSet(JUnit4Provider.java:153)
	at org.apache.maven.surefire.junit4.JUnit4Provider.invoke(JUnit4Provider.java:124)
	at org.apache.maven.surefire.booter.ForkedBooter.invokeProviderInSameClassLoader(ForkedBooter.java:200)
	at org.apache.maven.surefire.booter.ForkedBooter.runSuitesInProcess(ForkedBooter.java:153)
	at org.apache.maven.surefire.booter.ForkedBooter.main(ForkedBooter.java:103)
Caused by: org.hibernate.exception.JDBCConnectionException: Could not open connection
	at org.hibernate.exception.internal.SQLStateConversionDelegate.convert(SQLStateConversionDelegate.java:132)
	at org.hibernate.exception.internal.StandardSQLExceptionConverter.convert(StandardSQLExceptionConverter.java:49)
	at org.hibernate.engine.jdbc.spi.SqlExceptionHelper.convert(SqlExceptionHelper.java:125)
	at org.hibernate.engine.jdbc.spi.SqlExceptionHelper.convert(SqlExceptionHelper.java:110)
	at org.hibernate.engine.jdbc.internal.LogicalConnectionImpl.obtainConnection(LogicalConnectionImpl.java:221)
	at org.hibernate.engine.jdbc.internal.LogicalConnectionImpl.getConnection(LogicalConnectionImpl.java:157)
	at org.hibernate.internal.SessionImpl.connection(SessionImpl.java:550)
	at org.springframework.orm.hibernate4.HibernateTransactionManager.doBegin(HibernateTransactionManager.java:428)
	... 25 more
Caused by: com.mysql.jdbc.exceptions.jdbc4.CommunicationsException: Communications link failure

The last packet sent successfully to the server was 0 milliseconds ago. The driver has not received any packets from the server.
	at sun.reflect.NativeConstructorAccessorImpl.newInstance0(Native Method)
	at sun.reflect.NativeConstructorAccessorImpl.newInstance(NativeConstructorAccessorImpl.java:57)
	at sun.reflect.DelegatingConstructorAccessorImpl.newInstance(DelegatingConstructorAccessorImpl.java:45)
	at java.lang.reflect.Constructor.newInstance(Constructor.java:526)
	at com.mysql.jdbc.Util.handleNewInstance(Util.java:411)
	at com.mysql.jdbc.SQLError.createCommunicationsException(SQLError.java:1129)
	at com.mysql.jdbc.MysqlIO.<init>(MysqlIO.java:358)
	at com.mysql.jdbc.ConnectionImpl.coreConnect(ConnectionImpl.java:2489)
	at com.mysql.jdbc.ConnectionImpl.connectOneTryOnly(ConnectionImpl.java:2526)
	at com.mysql.jdbc.ConnectionImpl.createNewIO(ConnectionImpl.java:2311)
	at com.mysql.jdbc.ConnectionImpl.<init>(ConnectionImpl.java:834)
	at com.mysql.jdbc.JDBC4Connection.<init>(JDBC4Connection.java:47)
	at sun.reflect.NativeConstructorAccessorImpl.newInstance0(Native Method)
	at sun.reflect.NativeConstructorAccessorImpl.newInstance(NativeConstructorAccessorImpl.java:57)
	at sun.reflect.DelegatingConstructorAccessorImpl.newInstance(DelegatingConstructorAccessorImpl.java:45)
	at java.lang.reflect.Constructor.newInstance(Constructor.java:526)
	at com.mysql.jdbc.Util.handleNewInstance(Util.java:411)
	at com.mysql.jdbc.ConnectionImpl.getInstance(ConnectionImpl.java:416)
	at com.mysql.jdbc.NonRegisteringDriver.connect(NonRegisteringDriver.java:347)
	at org.apache.commons.dbcp.DriverConnectionFactory.createConnection(DriverConnectionFactory.java:82)
	at org.apache.commons.dbcp.PoolableConnectionFactory.makeObject(PoolableConnectionFactory.java:256)
	at org.apache.commons.pool.impl.GenericObjectPool.borrowObject(GenericObjectPool.java:816)
	at org.apache.commons.dbcp.PoolingDataSource.getConnection(PoolingDataSource.java:115)
	at org.apache.commons.dbcp.BasicDataSource.getConnection(BasicDataSource.java:430)
	at org.hibernate.service.jdbc.connections.internal.DatasourceConnectionProviderImpl.getConnection(DatasourceConnectionProviderImpl.java:141)
	at org.hibernate.internal.AbstractSessionImpl$NonContextualJdbcConnectionAccess.obtainConnection(AbstractSessionImpl.java:292)
	at org.hibernate.engine.jdbc.internal.LogicalConnectionImpl.obtainConnection(LogicalConnectionImpl.java:214)
	... 28 more
Caused by: java.net.ConnectException: Connection refused: connect
	at java.net.TwoStacksPlainSocketImpl.socketConnect(Native Method)
	at java.net.AbstractPlainSocketImpl.doConnect(AbstractPlainSocketImpl.java:339)
	at java.net.AbstractPlainSocketImpl.connectToAddress(AbstractPlainSocketImpl.java:200)
	at java.net.AbstractPlainSocketImpl.connect(AbstractPlainSocketImpl.java:182)
	at java.net.PlainSocketImpl.connect(PlainSocketImpl.java:172)
	at java.net.SocksSocketImpl.connect(SocksSocketImpl.java:392)
	at java.net.Socket.connect(Socket.java:579)
	at java.net.Socket.connect(Socket.java:528)
	at java.net.Socket.<init>(Socket.java:425)
	at java.net.Socket.<init>(Socket.java:241)
	at com.mysql.jdbc.StandardSocketFactory.connect(StandardSocketFactory.java:256)
	at com.mysql.jdbc.MysqlIO.<init>(MysqlIO.java:308)
	... 48 more
]]></system-err>
  </testcase>
</testsuite>